<?xml version="1.0" encoding="UTF-8"?>
<robot generator="Robot 3.2.2 (Python 3.6.7 on linux)" generated="20210306 23:03:28.867" rpa="false">
<suite id="s1" name="Examples" source="/home/travis/build/robooo/robotframework-ConfluentKafkaLibrary/examples">
<suite id="s1-s1" name="Test" source="/home/travis/build/robooo/robotframework-ConfluentKafkaLibrary/examples/test.robot">
<kw name="Starting Test" type="setup">
<kw name="Set Suite Variable" library="BuiltIn">
<doc>Makes a variable available everywhere within the scope of the current suite.</doc>
<arguments>
<arg>${TEST_TOPIC}</arg>
<arg>test</arg>
</arguments>
<msg timestamp="20210306 23:03:29.188" level="INFO">${TEST_TOPIC} = test</msg>
<status status="PASS" starttime="20210306 23:03:29.187" endtime="20210306 23:03:29.189"></status>
</kw>
<kw name="Start Consumer Threaded" library="ConfluentKafkaLibrary">
<doc>Run consumer in daemon thread and store data from topics. To read and work with this
   collected data use keyword `Get Messages From Thread`.
   Could be used at the Test setup or in each test.
   This is useful when you are reading always the same topics and you don't want to create
   consumer in each test to poll data. You can create as many consumers in the Test setup
   as you want and then in test just read data with `Get Messages From Thread` keyword.
- ``topics`` (list): List of topics for subscription.
- ``group_id`` (str or uuid.uuid4() if not set) : name of the consumer group to join for
    dynamic partition assignment (if enabled), and to use for fetching and
    committing offsets. If None, unique string is generated  (via uuid.uuid4())
    and offset commits are disabled. Default: `None`.</doc>
<arguments>
<arg>topics=${TEST_TOPIC}</arg>
</arguments>
<assign>
<var>${thread}</var>
</assign>
<msg timestamp="20210306 23:03:39.238" level="INFO">${thread} = &lt;GetMessagesThread(Thread-1, started daemon 140238450054912)&gt;</msg>
<status status="PASS" starttime="20210306 23:03:29.189" endtime="20210306 23:03:39.238"></status>
</kw>
<kw name="Set Suite Variable" library="BuiltIn">
<doc>Makes a variable available everywhere within the scope of the current suite.</doc>
<arguments>
<arg>${MAIN_THREAD}</arg>
<arg>${thread}</arg>
</arguments>
<msg timestamp="20210306 23:03:39.240" level="INFO">${MAIN_THREAD} = &lt;GetMessagesThread(Thread-1, started daemon 140238450054912)&gt;</msg>
<status status="PASS" starttime="20210306 23:03:39.239" endtime="20210306 23:03:39.240"></status>
</kw>
<kw name="Create Producer" library="ConfluentKafkaLibrary">
<doc>Create Kafka Producer and returns its `group_id` as string.
If `schema_registry_url` is used, Kafka Producer client which does avro schema
encoding to messages is created instead.</doc>
<assign>
<var>${producer_group_id}</var>
</assign>
<msg timestamp="20210306 23:03:39.241" level="INFO">${producer_group_id} = 4b434cd0-facb-4d81-a443-04a9f49feeb9</msg>
<status status="PASS" starttime="20210306 23:03:39.240" endtime="20210306 23:03:39.241"></status>
</kw>
<kw name="Set Suite Variable" library="BuiltIn">
<doc>Makes a variable available everywhere within the scope of the current suite.</doc>
<arguments>
<arg>${PRODUCER_ID}</arg>
<arg>${producer_group_id}</arg>
</arguments>
<msg timestamp="20210306 23:03:39.242" level="INFO">${PRODUCER_ID} = 4b434cd0-facb-4d81-a443-04a9f49feeb9</msg>
<status status="PASS" starttime="20210306 23:03:39.241" endtime="20210306 23:03:39.242"></status>
</kw>
<kw name="List Topics" library="ConfluentKafkaLibrary">
<doc>Request Metadata from cluster. Could be executed with consumer or producer group_id too.
- ``topic`` (str):  If specified, only request info about this topic, else returnfor all topics in cluster.
Default: `None`.
- ``group_id`` (str): *required* id of the created consumer or producer.</doc>
<arguments>
<arg>${producer_group_id}</arg>
</arguments>
<assign>
<var>${topics}</var>
</assign>
<msg timestamp="20210306 23:03:39.265" level="INFO">${topics} = {'__confluent.support.metrics': TopicMetadata(__confluent.support.metrics, 1 partitions), '_schemas': TopicMetadata(_schemas, 1 partitions), 'test': TopicMetadata(test, 1 partitions), '__consumer_offs...</msg>
<status status="PASS" starttime="20210306 23:03:39.242" endtime="20210306 23:03:39.265"></status>
</kw>
<kw name="Get Topic Partitions" library="ConfluentKafkaLibrary">
<doc>Returns dictionary of all TopicPartitons in topic (topic.partitions).</doc>
<arguments>
<arg>${topics['${TEST_TOPIC}']}</arg>
</arguments>
<assign>
<var>${partitions}</var>
</assign>
<msg timestamp="20210306 23:03:39.266" level="INFO">${partitions} = {0: PartitionMetadata(0)}</msg>
<status status="PASS" starttime="20210306 23:03:39.265" endtime="20210306 23:03:39.266"></status>
</kw>
<kw name="Set Variable" library="BuiltIn">
<doc>Returns the given values which can then be assigned to a variables.</doc>
<arguments>
<arg>${partitions[0].id}</arg>
</arguments>
<assign>
<var>${partition_id}</var>
</assign>
<msg timestamp="20210306 23:03:39.266" level="INFO">${partition_id} = 0</msg>
<status status="PASS" starttime="20210306 23:03:39.266" endtime="20210306 23:03:39.266"></status>
</kw>
<kw name="Set Suite Variable" library="BuiltIn">
<doc>Makes a variable available everywhere within the scope of the current suite.</doc>
<arguments>
<arg>${P_ID}</arg>
<arg>${partition_id}</arg>
</arguments>
<msg timestamp="20210306 23:03:39.267" level="INFO">${P_ID} = 0</msg>
<status status="PASS" starttime="20210306 23:03:39.267" endtime="20210306 23:03:39.267"></status>
</kw>
<kw name="Create Topic Partition" library="ConfluentKafkaLibrary">
<doc>Returns TopicPartiton object based on
https://docs.confluent.io/current/clients/confluent-kafka-python/#topicpartition</doc>
<arguments>
<arg>${TEST_TOPIC}</arg>
<arg>${partition_id}</arg>
<arg>${OFFSET_BEGINNING}</arg>
</arguments>
<assign>
<var>${tp}</var>
</assign>
<msg timestamp="20210306 23:03:39.268" level="INFO">${tp} = TopicPartition{topic=test,partition=0,offset=-2,error=None}</msg>
<status status="PASS" starttime="20210306 23:03:39.268" endtime="20210306 23:03:39.268"></status>
</kw>
<kw name="Create List" library="BuiltIn">
<doc>Returns a list containing given items.</doc>
<arguments>
<arg>Hello</arg>
<arg>World</arg>
<arg>{'test': 1}</arg>
<arg>{'test': 2}</arg>
<arg>{'test': 3}</arg>
<arg>{'test': 4}</arg>
</arguments>
<assign>
<var>${data}</var>
</assign>
<msg timestamp="20210306 23:03:39.268" level="INFO">${data} = ['Hello', 'World', "{'test': 1}", "{'test': 2}", "{'test': 3}", "{'test': 4}"]</msg>
<status status="PASS" starttime="20210306 23:03:39.268" endtime="20210306 23:03:39.268"></status>
</kw>
<kw name="Set Suite Variable" library="BuiltIn">
<doc>Makes a variable available everywhere within the scope of the current suite.</doc>
<arguments>
<arg>${TEST_DATA}</arg>
<arg>${data}</arg>
</arguments>
<msg timestamp="20210306 23:03:39.269" level="INFO">${TEST_DATA} = ['Hello', 'World', "{'test': 1}", "{'test': 2}", "{'test': 3}", "{'test': 4}"]</msg>
<status status="PASS" starttime="20210306 23:03:39.269" endtime="20210306 23:03:39.270"></status>
</kw>
<kw name="Prepare Data">
<kw name="Produce" library="ConfluentKafkaLibrary">
<doc>Produce message to topic asynchronously to Kafka by encoding with specified or default avro schema.</doc>
<arguments>
<arg>group_id=${PRODUCER_ID}</arg>
<arg>topic=${TEST_TOPIC}</arg>
<arg>value=Hello</arg>
<arg>partition=${P_ID}</arg>
</arguments>
<status status="PASS" starttime="20210306 23:03:39.270" endtime="20210306 23:03:39.270"></status>
</kw>
<kw name="Produce" library="ConfluentKafkaLibrary">
<doc>Produce message to topic asynchronously to Kafka by encoding with specified or default avro schema.</doc>
<arguments>
<arg>group_id=${PRODUCER_ID}</arg>
<arg>topic=${TEST_TOPIC}</arg>
<arg>value=World</arg>
<arg>partition=${P_ID}</arg>
</arguments>
<status status="PASS" starttime="20210306 23:03:39.271" endtime="20210306 23:03:39.273"></status>
</kw>
<kw name="Produce" library="ConfluentKafkaLibrary">
<doc>Produce message to topic asynchronously to Kafka by encoding with specified or default avro schema.</doc>
<arguments>
<arg>group_id=${PRODUCER_ID}</arg>
<arg>topic=${TEST_TOPIC}</arg>
<arg>value={'test': 1}</arg>
<arg>partition=${P_ID}</arg>
</arguments>
<status status="PASS" starttime="20210306 23:03:39.273" endtime="20210306 23:03:39.274"></status>
</kw>
<kw name="Produce" library="ConfluentKafkaLibrary">
<doc>Produce message to topic asynchronously to Kafka by encoding with specified or default avro schema.</doc>
<arguments>
<arg>group_id=${PRODUCER_ID}</arg>
<arg>topic=${TEST_TOPIC}</arg>
<arg>value={'test': 2}</arg>
<arg>partition=${P_ID}</arg>
</arguments>
<status status="PASS" starttime="20210306 23:03:39.274" endtime="20210306 23:03:39.274"></status>
</kw>
<kw name="Produce" library="ConfluentKafkaLibrary">
<doc>Produce message to topic asynchronously to Kafka by encoding with specified or default avro schema.</doc>
<arguments>
<arg>group_id=${PRODUCER_ID}</arg>
<arg>topic=${TEST_TOPIC}</arg>
<arg>value={'test': 3}</arg>
<arg>partition=${P_ID}</arg>
</arguments>
<status status="PASS" starttime="20210306 23:03:39.274" endtime="20210306 23:03:39.275"></status>
</kw>
<kw name="Produce" library="ConfluentKafkaLibrary">
<doc>Produce message to topic asynchronously to Kafka by encoding with specified or default avro schema.</doc>
<arguments>
<arg>group_id=${PRODUCER_ID}</arg>
<arg>topic=${TEST_TOPIC}</arg>
<arg>value={'test': 4}</arg>
<arg>partition=${P_ID}</arg>
</arguments>
<status status="PASS" starttime="20210306 23:03:39.275" endtime="20210306 23:03:39.276"></status>
</kw>
<kw name="Wait Until Keyword Succeeds" library="BuiltIn">
<doc>Runs the specified keyword and retries if it fails.</doc>
<arguments>
<arg>10x</arg>
<arg>0.5s</arg>
<arg>All Messages Are Delivered</arg>
<arg>${PRODUCER_ID}</arg>
</arguments>
<kw name="All Messages Are Delivered">
<arguments>
<arg>${PRODUCER_ID}</arg>
</arguments>
<kw name="Flush" library="ConfluentKafkaLibrary">
<doc>Wait for all messages in the Producer queue to be delivered. Returns the number of messages still in queue.
This is a convenience method that calls poll() until len() is zero or the optional timeout elapses.
- `timeout` (real) : Optional timeout. Default: `0.1`.</doc>
<arguments>
<arg>${producer_id}</arg>
</arguments>
<assign>
<var>${count}</var>
</assign>
<msg timestamp="20210306 23:03:39.286" level="INFO">${count} = 0</msg>
<status status="PASS" starttime="20210306 23:03:39.277" endtime="20210306 23:03:39.286"></status>
</kw>
<kw name="Log" library="BuiltIn">
<doc>Logs the given message with the given level.</doc>
<arguments>
<arg>Reaming messages to be delivered: ${count}</arg>
</arguments>
<msg timestamp="20210306 23:03:39.286" level="INFO">Reaming messages to be delivered: 0</msg>
<status status="PASS" starttime="20210306 23:03:39.286" endtime="20210306 23:03:39.286"></status>
</kw>
<kw name="Should Be Equal As Integers" library="BuiltIn">
<doc>Fails if objects are unequal after converting them to integers.</doc>
<arguments>
<arg>${count}</arg>
<arg>0</arg>
</arguments>
<msg timestamp="20210306 23:03:39.287" level="INFO">Argument types are:
&lt;class 'int'&gt;
&lt;type 'unicode'&gt;</msg>
<status status="PASS" starttime="20210306 23:03:39.287" endtime="20210306 23:03:39.287"></status>
</kw>
<status status="PASS" starttime="20210306 23:03:39.276" endtime="20210306 23:03:39.287"></status>
</kw>
<status status="PASS" starttime="20210306 23:03:39.276" endtime="20210306 23:03:39.287"></status>
</kw>
<kw name="Sleep" library="BuiltIn">
<doc>Pauses the test executed for the given time.</doc>
<arguments>
<arg>1sec</arg>
</arguments>
<msg timestamp="20210306 23:03:40.288" level="INFO">Slept 1 second</msg>
<status status="PASS" starttime="20210306 23:03:39.288" endtime="20210306 23:03:40.288"></status>
</kw>
<status status="PASS" starttime="20210306 23:03:39.270" endtime="20210306 23:03:40.289"></status>
</kw>
<status status="PASS" starttime="20210306 23:03:29.186" endtime="20210306 23:03:40.289"></status>
</kw>
<test id="s1-s1-t1" name="Verify Topics">
<kw name="Create Consumer" library="ConfluentKafkaLibrary">
<doc>Create Kafka Consumer and returns its `group_id` as string.</doc>
<arguments>
<arg>auto_offset_reset=earliest</arg>
</arguments>
<assign>
<var>${group_id}</var>
</assign>
<msg timestamp="20210306 23:03:40.291" level="INFO">${group_id} = 6534f5bd-bb73-4fca-973c-d291452ff27e</msg>
<status status="PASS" starttime="20210306 23:03:40.290" endtime="20210306 23:03:40.291"></status>
</kw>
<kw name="List Topics" library="ConfluentKafkaLibrary">
<doc>Request Metadata from cluster. Could be executed with consumer or producer group_id too.
- ``topic`` (str):  If specified, only request info about this topic, else returnfor all topics in cluster.
Default: `None`.
- ``group_id`` (str): *required* id of the created consumer or producer.</doc>
<arguments>
<arg>${group_id}</arg>
</arguments>
<assign>
<var>${topics}</var>
</assign>
<msg timestamp="20210306 23:03:40.299" level="INFO">${topics} = {'__confluent.support.metrics': TopicMetadata(__confluent.support.metrics, 1 partitions), '_schemas': TopicMetadata(_schemas, 1 partitions), 'test': TopicMetadata(test, 1 partitions), '__consumer_offs...</msg>
<status status="PASS" starttime="20210306 23:03:40.291" endtime="20210306 23:03:40.299"></status>
</kw>
<kw name="Dictionary Should Contain Key" library="Collections">
<doc>Fails if ``key`` is not found from ``dictionary``.</doc>
<arguments>
<arg>${topics}</arg>
<arg>${TEST_TOPIC}</arg>
</arguments>
<status status="PASS" starttime="20210306 23:03:40.300" endtime="20210306 23:03:40.300"></status>
</kw>
<kw name="Close Consumer" library="ConfluentKafkaLibrary" type="teardown">
<doc>Close down and terminate the Kafka Consumer.</doc>
<arguments>
<arg>${group_id}</arg>
</arguments>
<status status="PASS" starttime="20210306 23:03:40.300" endtime="20210306 23:03:40.303"></status>
</kw>
<status status="PASS" starttime="20210306 23:03:40.289" endtime="20210306 23:03:40.303" critical="yes"></status>
</test>
<test id="s1-s1-t2" name="Basic Consumer">
<kw name="Create Consumer" library="ConfluentKafkaLibrary">
<doc>Create Kafka Consumer and returns its `group_id` as string.</doc>
<arguments>
<arg>auto_offset_reset=earliest</arg>
</arguments>
<assign>
<var>${group_id}</var>
</assign>
<msg timestamp="20210306 23:03:40.306" level="INFO">${group_id} = d64d7391-1e50-4b24-8a6f-6e87853954d1</msg>
<status status="PASS" starttime="20210306 23:03:40.305" endtime="20210306 23:03:40.306"></status>
</kw>
<kw name="Subscribe Topic" library="ConfluentKafkaLibrary">
<doc>Subscribe to a list of topics, or a topic regex pattern.
   https://docs.confluent.io/current/clients/confluent-kafka-python/#confluent_kafka.Consumer.subscribe</doc>
<arguments>
<arg>group_id=${group_id}</arg>
<arg>topics=${TEST_TOPIC}</arg>
</arguments>
<status status="PASS" starttime="20210306 23:03:40.306" endtime="20210306 23:03:40.307"></status>
</kw>
<kw name="Poll" library="ConfluentKafkaLibrary">
<doc>Fetch and return messages from assigned topics / partitions as list.
- ``timeout`` (int): Seconds spent waiting in poll if data is not available in the buffer.</doc>
<arguments>
<arg>group_id=${group_id}</arg>
<arg>max_records=3</arg>
<arg>decode_format=utf8</arg>
</arguments>
<assign>
<var>${messages}</var>
</assign>
<msg timestamp="20210306 23:03:40.435" level="INFO">${messages} = ['Hello', 'World', "{'test': 1}"]</msg>
<status status="PASS" starttime="20210306 23:03:40.307" endtime="20210306 23:03:40.435"></status>
</kw>
<kw name="Create List" library="BuiltIn">
<doc>Returns a list containing given items.</doc>
<arguments>
<arg>Hello</arg>
<arg>World</arg>
<arg>{'test': 1}</arg>
</arguments>
<assign>
<var>${data}</var>
</assign>
<msg timestamp="20210306 23:03:40.436" level="INFO">${data} = ['Hello', 'World', "{'test': 1}"]</msg>
<status status="PASS" starttime="20210306 23:03:40.435" endtime="20210306 23:03:40.436"></status>
</kw>
<kw name="Lists Should Be Equal" library="Collections">
<doc>Fails if given lists are unequal.</doc>
<arguments>
<arg>${messages}</arg>
<arg>${data}</arg>
</arguments>
<status status="PASS" starttime="20210306 23:03:40.436" endtime="20210306 23:03:40.436"></status>
</kw>
<kw name="Basic Teardown" type="teardown">
<arguments>
<arg>${group_id}</arg>
</arguments>
<kw name="Unsubscribe" library="ConfluentKafkaLibrary">
<doc>Unsubscribe of topics.</doc>
<arguments>
<arg>${group_id}</arg>
</arguments>
<status status="PASS" starttime="20210306 23:03:40.437" endtime="20210306 23:03:40.438"></status>
</kw>
<kw name="Close Consumer" library="ConfluentKafkaLibrary">
<doc>Close down and terminate the Kafka Consumer.</doc>
<arguments>
<arg>${group_id}</arg>
</arguments>
<status status="PASS" starttime="20210306 23:03:40.438" endtime="20210306 23:03:40.469"></status>
</kw>
<status status="PASS" starttime="20210306 23:03:40.437" endtime="20210306 23:03:40.469"></status>
</kw>
<status status="PASS" starttime="20210306 23:03:40.304" endtime="20210306 23:03:40.470" critical="yes"></status>
</test>
<test id="s1-s1-t3" name="Produce Without Value">
<kw name="Set Variable" library="BuiltIn">
<doc>Returns the given values which can then be assigned to a variables.</doc>
<arguments>
<arg>topicwithoutvaluee</arg>
</arguments>
<assign>
<var>${topic_name}</var>
</assign>
<msg timestamp="20210306 23:03:40.475" level="INFO">${topic_name} = topicwithoutvaluee</msg>
<status status="PASS" starttime="20210306 23:03:40.475" endtime="20210306 23:03:40.475"></status>
</kw>
<kw name="Produce" library="ConfluentKafkaLibrary">
<doc>Produce message to topic asynchronously to Kafka by encoding with specified or default avro schema.</doc>
<arguments>
<arg>group_id=${PRODUCER_ID}</arg>
<arg>topic=${topic_name}</arg>
</arguments>
<status status="PASS" starttime="20210306 23:03:40.476" endtime="20210306 23:03:40.477"></status>
</kw>
<kw name="Wait Until Keyword Succeeds" library="BuiltIn">
<doc>Runs the specified keyword and retries if it fails.</doc>
<arguments>
<arg>10x</arg>
<arg>0.5s</arg>
<arg>All Messages Are Delivered</arg>
<arg>${PRODUCER_ID}</arg>
</arguments>
<kw name="All Messages Are Delivered">
<arguments>
<arg>${PRODUCER_ID}</arg>
</arguments>
<kw name="Flush" library="ConfluentKafkaLibrary">
<doc>Wait for all messages in the Producer queue to be delivered. Returns the number of messages still in queue.
This is a convenience method that calls poll() until len() is zero or the optional timeout elapses.
- `timeout` (real) : Optional timeout. Default: `0.1`.</doc>
<arguments>
<arg>${producer_id}</arg>
</arguments>
<assign>
<var>${count}</var>
</assign>
<msg timestamp="20210306 23:03:40.580" level="INFO">${count} = 1</msg>
<status status="PASS" starttime="20210306 23:03:40.479" endtime="20210306 23:03:40.580"></status>
</kw>
<kw name="Log" library="BuiltIn">
<doc>Logs the given message with the given level.</doc>
<arguments>
<arg>Reaming messages to be delivered: ${count}</arg>
</arguments>
<msg timestamp="20210306 23:03:40.581" level="INFO">Reaming messages to be delivered: 1</msg>
<status status="PASS" starttime="20210306 23:03:40.580" endtime="20210306 23:03:40.581"></status>
</kw>
<kw name="Should Be Equal As Integers" library="BuiltIn">
<doc>Fails if objects are unequal after converting them to integers.</doc>
<arguments>
<arg>${count}</arg>
<arg>0</arg>
</arguments>
<msg timestamp="20210306 23:03:40.581" level="INFO">Argument types are:
&lt;class 'int'&gt;
&lt;type 'unicode'&gt;</msg>
<msg timestamp="20210306 23:03:40.581" level="FAIL">1 != 0</msg>
<status status="FAIL" starttime="20210306 23:03:40.581" endtime="20210306 23:03:40.582"></status>
</kw>
<status status="FAIL" starttime="20210306 23:03:40.478" endtime="20210306 23:03:40.582"></status>
</kw>
<kw name="All Messages Are Delivered">
<arguments>
<arg>${PRODUCER_ID}</arg>
</arguments>
<kw name="Flush" library="ConfluentKafkaLibrary">
<doc>Wait for all messages in the Producer queue to be delivered. Returns the number of messages still in queue.
This is a convenience method that calls poll() until len() is zero or the optional timeout elapses.
- `timeout` (real) : Optional timeout. Default: `0.1`.</doc>
<arguments>
<arg>${producer_id}</arg>
</arguments>
<assign>
<var>${count}</var>
</assign>
<msg timestamp="20210306 23:03:41.184" level="INFO">${count} = 1</msg>
<status status="PASS" starttime="20210306 23:03:41.083" endtime="20210306 23:03:41.184"></status>
</kw>
<kw name="Log" library="BuiltIn">
<doc>Logs the given message with the given level.</doc>
<arguments>
<arg>Reaming messages to be delivered: ${count}</arg>
</arguments>
<msg timestamp="20210306 23:03:41.185" level="INFO">Reaming messages to be delivered: 1</msg>
<status status="PASS" starttime="20210306 23:03:41.185" endtime="20210306 23:03:41.185"></status>
</kw>
<kw name="Should Be Equal As Integers" library="BuiltIn">
<doc>Fails if objects are unequal after converting them to integers.</doc>
<arguments>
<arg>${count}</arg>
<arg>0</arg>
</arguments>
<msg timestamp="20210306 23:03:41.185" level="INFO">Argument types are:
&lt;class 'int'&gt;
&lt;type 'unicode'&gt;</msg>
<msg timestamp="20210306 23:03:41.185" level="FAIL">1 != 0</msg>
<status status="FAIL" starttime="20210306 23:03:41.185" endtime="20210306 23:03:41.185"></status>
</kw>
<status status="FAIL" starttime="20210306 23:03:41.082" endtime="20210306 23:03:41.186"></status>
</kw>
<kw name="All Messages Are Delivered">
<arguments>
<arg>${PRODUCER_ID}</arg>
</arguments>
<kw name="Flush" library="ConfluentKafkaLibrary">
<doc>Wait for all messages in the Producer queue to be delivered. Returns the number of messages still in queue.
This is a convenience method that calls poll() until len() is zero or the optional timeout elapses.
- `timeout` (real) : Optional timeout. Default: `0.1`.</doc>
<arguments>
<arg>${producer_id}</arg>
</arguments>
<assign>
<var>${count}</var>
</assign>
<msg timestamp="20210306 23:03:41.788" level="INFO">${count} = 1</msg>
<status status="PASS" starttime="20210306 23:03:41.687" endtime="20210306 23:03:41.788"></status>
</kw>
<kw name="Log" library="BuiltIn">
<doc>Logs the given message with the given level.</doc>
<arguments>
<arg>Reaming messages to be delivered: ${count}</arg>
</arguments>
<msg timestamp="20210306 23:03:41.789" level="INFO">Reaming messages to be delivered: 1</msg>
<status status="PASS" starttime="20210306 23:03:41.789" endtime="20210306 23:03:41.789"></status>
</kw>
<kw name="Should Be Equal As Integers" library="BuiltIn">
<doc>Fails if objects are unequal after converting them to integers.</doc>
<arguments>
<arg>${count}</arg>
<arg>0</arg>
</arguments>
<msg timestamp="20210306 23:03:41.789" level="INFO">Argument types are:
&lt;class 'int'&gt;
&lt;type 'unicode'&gt;</msg>
<msg timestamp="20210306 23:03:41.789" level="FAIL">1 != 0</msg>
<status status="FAIL" starttime="20210306 23:03:41.789" endtime="20210306 23:03:41.789"></status>
</kw>
<status status="FAIL" starttime="20210306 23:03:41.686" endtime="20210306 23:03:41.790"></status>
</kw>
<kw name="All Messages Are Delivered">
<arguments>
<arg>${PRODUCER_ID}</arg>
</arguments>
<kw name="Flush" library="ConfluentKafkaLibrary">
<doc>Wait for all messages in the Producer queue to be delivered. Returns the number of messages still in queue.
This is a convenience method that calls poll() until len() is zero or the optional timeout elapses.
- `timeout` (real) : Optional timeout. Default: `0.1`.</doc>
<arguments>
<arg>${producer_id}</arg>
</arguments>
<assign>
<var>${count}</var>
</assign>
<msg timestamp="20210306 23:03:42.291" level="INFO">${count} = 0</msg>
<status status="PASS" starttime="20210306 23:03:42.291" endtime="20210306 23:03:42.291"></status>
</kw>
<kw name="Log" library="BuiltIn">
<doc>Logs the given message with the given level.</doc>
<arguments>
<arg>Reaming messages to be delivered: ${count}</arg>
</arguments>
<msg timestamp="20210306 23:03:42.291" level="INFO">Reaming messages to be delivered: 0</msg>
<status status="PASS" starttime="20210306 23:03:42.291" endtime="20210306 23:03:42.291"></status>
</kw>
<kw name="Should Be Equal As Integers" library="BuiltIn">
<doc>Fails if objects are unequal after converting them to integers.</doc>
<arguments>
<arg>${count}</arg>
<arg>0</arg>
</arguments>
<msg timestamp="20210306 23:03:42.292" level="INFO">Argument types are:
&lt;class 'int'&gt;
&lt;type 'unicode'&gt;</msg>
<status status="PASS" starttime="20210306 23:03:42.292" endtime="20210306 23:03:42.292"></status>
</kw>
<status status="PASS" starttime="20210306 23:03:42.290" endtime="20210306 23:03:42.292"></status>
</kw>
<status status="PASS" starttime="20210306 23:03:40.477" endtime="20210306 23:03:42.292"></status>
</kw>
<kw name="Create Consumer" library="ConfluentKafkaLibrary">
<doc>Create Kafka Consumer and returns its `group_id` as string.</doc>
<arguments>
<arg>auto_offset_reset=earliest</arg>
</arguments>
<assign>
<var>${group_id}</var>
</assign>
<msg timestamp="20210306 23:03:42.293" level="INFO">${group_id} = f7d4729e-8f76-432b-8b6d-a57c1280d877</msg>
<status status="PASS" starttime="20210306 23:03:42.292" endtime="20210306 23:03:42.293"></status>
</kw>
<kw name="Subscribe Topic" library="ConfluentKafkaLibrary">
<doc>Subscribe to a list of topics, or a topic regex pattern.
   https://docs.confluent.io/current/clients/confluent-kafka-python/#confluent_kafka.Consumer.subscribe</doc>
<arguments>
<arg>group_id=${group_id}</arg>
<arg>topics=${topic_name}</arg>
</arguments>
<status status="PASS" starttime="20210306 23:03:42.293" endtime="20210306 23:03:42.294"></status>
</kw>
<kw name="Poll" library="ConfluentKafkaLibrary">
<doc>Fetch and return messages from assigned topics / partitions as list.
- ``timeout`` (int): Seconds spent waiting in poll if data is not available in the buffer.</doc>
<arguments>
<arg>group_id=${group_id}</arg>
<arg>max_records=1</arg>
</arguments>
<assign>
<var>${messages}</var>
</assign>
<msg timestamp="20210306 23:03:42.417" level="INFO">${messages} = [None]</msg>
<status status="PASS" starttime="20210306 23:03:42.294" endtime="20210306 23:03:42.417"></status>
</kw>
<kw name="Should Be Equal As Strings" library="BuiltIn">
<doc>Fails if objects are unequal after converting them to strings.</doc>
<arguments>
<arg>${messages}</arg>
<arg>[None]</arg>
</arguments>
<msg timestamp="20210306 23:03:42.418" level="INFO">Argument types are:
&lt;class 'list'&gt;
&lt;type 'unicode'&gt;</msg>
<status status="PASS" starttime="20210306 23:03:42.418" endtime="20210306 23:03:42.418"></status>
</kw>
<status status="PASS" starttime="20210306 23:03:40.471" endtime="20210306 23:03:42.418" critical="yes"></status>
</test>
<test id="s1-s1-t4" name="Verify Position">
<kw name="Create Consumer" library="ConfluentKafkaLibrary">
<doc>Create Kafka Consumer and returns its `group_id` as string.</doc>
<assign>
<var>${group_id}</var>
</assign>
<msg timestamp="20210306 23:03:42.421" level="INFO">${group_id} = dfc49013-b722-4657-ae57-34b9f6f06800</msg>
<status status="PASS" starttime="20210306 23:03:42.420" endtime="20210306 23:03:42.421"></status>
</kw>
<kw name="Create Topic Partition" library="ConfluentKafkaLibrary">
<doc>Returns TopicPartiton object based on
https://docs.confluent.io/current/clients/confluent-kafka-python/#topicpartition</doc>
<arguments>
<arg>${TEST_TOPIC}</arg>
<arg>${P_ID}</arg>
<arg>${OFFSET_END}</arg>
</arguments>
<assign>
<var>${tp}</var>
</assign>
<msg timestamp="20210306 23:03:42.421" level="INFO">${tp} = TopicPartition{topic=test,partition=0,offset=-1,error=None}</msg>
<status status="PASS" starttime="20210306 23:03:42.421" endtime="20210306 23:03:42.421"></status>
</kw>
<kw name="Assign To Topic Partition" library="ConfluentKafkaLibrary">
<doc>Assign a list of TopicPartitions.</doc>
<arguments>
<arg>${group_id}</arg>
<arg>${tp}</arg>
</arguments>
<status status="PASS" starttime="20210306 23:03:42.421" endtime="20210306 23:03:42.424"></status>
</kw>
<kw name="Sleep" library="BuiltIn">
<doc>Pauses the test executed for the given time.</doc>
<arguments>
<arg>5sec</arg>
</arguments>
<msg timestamp="20210306 23:03:47.425" level="INFO">Slept 5 seconds</msg>
<status status="PASS" starttime="20210306 23:03:42.424" endtime="20210306 23:03:47.425"></status>
</kw>
<kw name="Get Position" library="ConfluentKafkaLibrary">
<doc>Retrieve current positions (offsets) for the list of partitions.</doc>
<arguments>
<arg>group_id=${group_id}</arg>
<arg>topic_partitions=${tp}</arg>
</arguments>
<assign>
<var>${position}</var>
</assign>
<msg timestamp="20210306 23:03:47.426" level="INFO">${position} = [TopicPartition{topic=test,partition=0,offset=-1001,error=None}]</msg>
<status status="PASS" starttime="20210306 23:03:47.425" endtime="20210306 23:03:47.426"></status>
</kw>
<kw name="Set Variable" library="BuiltIn">
<doc>Returns the given values which can then be assigned to a variables.</doc>
<arguments>
<arg>${position[0].offset}</arg>
</arguments>
<assign>
<var>${position_before}</var>
</assign>
<msg timestamp="20210306 23:03:47.426" level="INFO">${position_before} = -1001</msg>
<status status="PASS" starttime="20210306 23:03:47.426" endtime="20210306 23:03:47.426"></status>
</kw>
<kw name="Produce" library="ConfluentKafkaLibrary">
<doc>Produce message to topic asynchronously to Kafka by encoding with specified or default avro schema.</doc>
<arguments>
<arg>group_id=${PRODUCER_ID}</arg>
<arg>topic=${TEST_TOPIC}</arg>
<arg>value=Dummy</arg>
<arg>partition=${P_ID}</arg>
</arguments>
<status status="PASS" starttime="20210306 23:03:47.427" endtime="20210306 23:03:47.427"></status>
</kw>
<kw name="Wait Until Keyword Succeeds" library="BuiltIn">
<doc>Runs the specified keyword and retries if it fails.</doc>
<arguments>
<arg>10x</arg>
<arg>0.5s</arg>
<arg>All Messages Are Delivered</arg>
<arg>${PRODUCER_ID}</arg>
</arguments>
<kw name="All Messages Are Delivered">
<arguments>
<arg>${PRODUCER_ID}</arg>
</arguments>
<kw name="Flush" library="ConfluentKafkaLibrary">
<doc>Wait for all messages in the Producer queue to be delivered. Returns the number of messages still in queue.
This is a convenience method that calls poll() until len() is zero or the optional timeout elapses.
- `timeout` (real) : Optional timeout. Default: `0.1`.</doc>
<arguments>
<arg>${producer_id}</arg>
</arguments>
<assign>
<var>${count}</var>
</assign>
<msg timestamp="20210306 23:03:47.437" level="INFO">${count} = 0</msg>
<status status="PASS" starttime="20210306 23:03:47.428" endtime="20210306 23:03:47.437"></status>
</kw>
<kw name="Log" library="BuiltIn">
<doc>Logs the given message with the given level.</doc>
<arguments>
<arg>Reaming messages to be delivered: ${count}</arg>
</arguments>
<msg timestamp="20210306 23:03:47.437" level="INFO">Reaming messages to be delivered: 0</msg>
<status status="PASS" starttime="20210306 23:03:47.437" endtime="20210306 23:03:47.437"></status>
</kw>
<kw name="Should Be Equal As Integers" library="BuiltIn">
<doc>Fails if objects are unequal after converting them to integers.</doc>
<arguments>
<arg>${count}</arg>
<arg>0</arg>
</arguments>
<msg timestamp="20210306 23:03:47.438" level="INFO">Argument types are:
&lt;class 'int'&gt;
&lt;type 'unicode'&gt;</msg>
<status status="PASS" starttime="20210306 23:03:47.438" endtime="20210306 23:03:47.438"></status>
</kw>
<status status="PASS" starttime="20210306 23:03:47.428" endtime="20210306 23:03:47.438"></status>
</kw>
<status status="PASS" starttime="20210306 23:03:47.427" endtime="20210306 23:03:47.438"></status>
</kw>
<kw name="Get Position" library="ConfluentKafkaLibrary">
<doc>Retrieve current positions (offsets) for the list of partitions.</doc>
<arguments>
<arg>group_id=${group_id}</arg>
<arg>topic_partitions=${tp}</arg>
</arguments>
<assign>
<var>${position}</var>
</assign>
<msg timestamp="20210306 23:03:47.439" level="INFO">${position} = [TopicPartition{topic=test,partition=0,offset=-1001,error=None}]</msg>
<status status="PASS" starttime="20210306 23:03:47.439" endtime="20210306 23:03:47.439"></status>
</kw>
<kw name="Set Variable" library="BuiltIn">
<doc>Returns the given values which can then be assigned to a variables.</doc>
<arguments>
<arg>${position[0].offset}</arg>
</arguments>
<assign>
<var>${position_after_produce}</var>
</assign>
<msg timestamp="20210306 23:03:47.440" level="INFO">${position_after_produce} = -1001</msg>
<status status="PASS" starttime="20210306 23:03:47.439" endtime="20210306 23:03:47.440"></status>
</kw>
<kw name="Should Be Equal As Integers" library="BuiltIn">
<doc>Fails if objects are unequal after converting them to integers.</doc>
<arguments>
<arg>${position_before}</arg>
<arg>${position_after_produce}</arg>
</arguments>
<status status="PASS" starttime="20210306 23:03:47.440" endtime="20210306 23:03:47.440"></status>
</kw>
<kw name="Poll" library="ConfluentKafkaLibrary">
<doc>Fetch and return messages from assigned topics / partitions as list.
- ``timeout`` (int): Seconds spent waiting in poll if data is not available in the buffer.</doc>
<arguments>
<arg>group_id=${group_id}</arg>
<arg>max_records=1</arg>
<arg>decode_format=utf8</arg>
</arguments>
<assign>
<var>${messages}</var>
</assign>
<msg timestamp="20210306 23:03:47.441" level="INFO">${messages} = ['Dummy']</msg>
<status status="PASS" starttime="20210306 23:03:47.440" endtime="20210306 23:03:47.441"></status>
</kw>
<kw name="Get Position" library="ConfluentKafkaLibrary">
<doc>Retrieve current positions (offsets) for the list of partitions.</doc>
<arguments>
<arg>group_id=${group_id}</arg>
<arg>topic_partitions=${tp}</arg>
</arguments>
<assign>
<var>${position}</var>
</assign>
<msg timestamp="20210306 23:03:47.441" level="INFO">${position} = [TopicPartition{topic=test,partition=0,offset=7,error=None}]</msg>
<status status="PASS" starttime="20210306 23:03:47.441" endtime="20210306 23:03:47.441"></status>
</kw>
<kw name="Set Variable" library="BuiltIn">
<doc>Returns the given values which can then be assigned to a variables.</doc>
<arguments>
<arg>${position[0].offset}</arg>
</arguments>
<assign>
<var>${position_after_poll_1}</var>
</assign>
<msg timestamp="20210306 23:03:47.442" level="INFO">${position_after_poll_1} = 7</msg>
<status status="PASS" starttime="20210306 23:03:47.442" endtime="20210306 23:03:47.442"></status>
</kw>
<kw name="Should Not Be Equal As Integers" library="BuiltIn">
<doc>Fails if objects are equal after converting them to integers.</doc>
<arguments>
<arg>${position_after_poll_1}</arg>
<arg>${position_after_produce}</arg>
</arguments>
<status status="PASS" starttime="20210306 23:03:47.442" endtime="20210306 23:03:47.442"></status>
</kw>
<kw name="Produce" library="ConfluentKafkaLibrary">
<doc>Produce message to topic asynchronously to Kafka by encoding with specified or default avro schema.</doc>
<arguments>
<arg>group_id=${PRODUCER_ID}</arg>
<arg>topic=${TEST_TOPIC}</arg>
<arg>value=Dummy</arg>
<arg>partition=${P_ID}</arg>
</arguments>
<status status="PASS" starttime="20210306 23:03:47.443" endtime="20210306 23:03:47.444"></status>
</kw>
<kw name="Wait Until Keyword Succeeds" library="BuiltIn">
<doc>Runs the specified keyword and retries if it fails.</doc>
<arguments>
<arg>10x</arg>
<arg>0.5s</arg>
<arg>All Messages Are Delivered</arg>
<arg>${PRODUCER_ID}</arg>
</arguments>
<kw name="All Messages Are Delivered">
<arguments>
<arg>${PRODUCER_ID}</arg>
</arguments>
<kw name="Flush" library="ConfluentKafkaLibrary">
<doc>Wait for all messages in the Producer queue to be delivered. Returns the number of messages still in queue.
This is a convenience method that calls poll() until len() is zero or the optional timeout elapses.
- `timeout` (real) : Optional timeout. Default: `0.1`.</doc>
<arguments>
<arg>${producer_id}</arg>
</arguments>
<assign>
<var>${count}</var>
</assign>
<msg timestamp="20210306 23:03:47.451" level="INFO">${count} = 0</msg>
<status status="PASS" starttime="20210306 23:03:47.445" endtime="20210306 23:03:47.451"></status>
</kw>
<kw name="Log" library="BuiltIn">
<doc>Logs the given message with the given level.</doc>
<arguments>
<arg>Reaming messages to be delivered: ${count}</arg>
</arguments>
<msg timestamp="20210306 23:03:47.452" level="INFO">Reaming messages to be delivered: 0</msg>
<status status="PASS" starttime="20210306 23:03:47.452" endtime="20210306 23:03:47.452"></status>
</kw>
<kw name="Should Be Equal As Integers" library="BuiltIn">
<doc>Fails if objects are unequal after converting them to integers.</doc>
<arguments>
<arg>${count}</arg>
<arg>0</arg>
</arguments>
<msg timestamp="20210306 23:03:47.453" level="INFO">Argument types are:
&lt;class 'int'&gt;
&lt;type 'unicode'&gt;</msg>
<status status="PASS" starttime="20210306 23:03:47.452" endtime="20210306 23:03:47.453"></status>
</kw>
<status status="PASS" starttime="20210306 23:03:47.445" endtime="20210306 23:03:47.453"></status>
</kw>
<status status="PASS" starttime="20210306 23:03:47.444" endtime="20210306 23:03:47.453"></status>
</kw>
<kw name="Poll" library="ConfluentKafkaLibrary">
<doc>Fetch and return messages from assigned topics / partitions as list.
- ``timeout`` (int): Seconds spent waiting in poll if data is not available in the buffer.</doc>
<arguments>
<arg>group_id=${group_id}</arg>
<arg>max_records=1</arg>
<arg>decode_format=utf8</arg>
</arguments>
<assign>
<var>${messages}</var>
</assign>
<msg timestamp="20210306 23:03:47.454" level="INFO">${messages} = ['Dummy']</msg>
<status status="PASS" starttime="20210306 23:03:47.453" endtime="20210306 23:03:47.454"></status>
</kw>
<kw name="Get Position" library="ConfluentKafkaLibrary">
<doc>Retrieve current positions (offsets) for the list of partitions.</doc>
<arguments>
<arg>group_id=${group_id}</arg>
<arg>topic_partitions=${tp}</arg>
</arguments>
<assign>
<var>${position}</var>
</assign>
<msg timestamp="20210306 23:03:47.455" level="INFO">${position} = [TopicPartition{topic=test,partition=0,offset=8,error=None}]</msg>
<status status="PASS" starttime="20210306 23:03:47.454" endtime="20210306 23:03:47.455"></status>
</kw>
<kw name="Set Variable" library="BuiltIn">
<doc>Returns the given values which can then be assigned to a variables.</doc>
<arguments>
<arg>${position[0].offset}</arg>
</arguments>
<assign>
<var>${position_after_poll_2}</var>
</assign>
<msg timestamp="20210306 23:03:47.455" level="INFO">${position_after_poll_2} = 8</msg>
<status status="PASS" starttime="20210306 23:03:47.455" endtime="20210306 23:03:47.455"></status>
</kw>
<kw name="Should Be Equal As Integers" library="BuiltIn">
<doc>Fails if objects are unequal after converting them to integers.</doc>
<arguments>
<arg>${position_after_poll_1 + 1}</arg>
<arg>${position_after_poll_2}</arg>
</arguments>
<status status="PASS" starttime="20210306 23:03:47.455" endtime="20210306 23:03:47.456"></status>
</kw>
<kw name="Basic Teardown" type="teardown">
<arguments>
<arg>${group_id}</arg>
</arguments>
<kw name="Unsubscribe" library="ConfluentKafkaLibrary">
<doc>Unsubscribe of topics.</doc>
<arguments>
<arg>${group_id}</arg>
</arguments>
<status status="PASS" starttime="20210306 23:03:47.457" endtime="20210306 23:03:47.457"></status>
</kw>
<kw name="Close Consumer" library="ConfluentKafkaLibrary">
<doc>Close down and terminate the Kafka Consumer.</doc>
<arguments>
<arg>${group_id}</arg>
</arguments>
<status status="PASS" starttime="20210306 23:03:47.457" endtime="20210306 23:03:47.461"></status>
</kw>
<status status="PASS" starttime="20210306 23:03:47.456" endtime="20210306 23:03:47.461"></status>
</kw>
<status status="PASS" starttime="20210306 23:03:42.419" endtime="20210306 23:03:47.461" critical="yes"></status>
</test>
<test id="s1-s1-t5" name="Consumer With Assignment To Last Message After Get Of Watermark Offsets">
<kw name="Create Consumer" library="ConfluentKafkaLibrary">
<doc>Create Kafka Consumer and returns its `group_id` as string.</doc>
<assign>
<var>${group_id}</var>
</assign>
<msg timestamp="20210306 23:03:47.463" level="INFO">${group_id} = 9e7c3dc9-060a-48fc-bd2f-1378977cd06c</msg>
<status status="PASS" starttime="20210306 23:03:47.463" endtime="20210306 23:03:47.463"></status>
</kw>
<kw name="Create Topic Partition" library="ConfluentKafkaLibrary">
<doc>Returns TopicPartiton object based on
https://docs.confluent.io/current/clients/confluent-kafka-python/#topicpartition</doc>
<arguments>
<arg>${TEST_TOPIC}</arg>
<arg>${P_ID}</arg>
</arguments>
<assign>
<var>${tp}</var>
</assign>
<msg timestamp="20210306 23:03:47.464" level="INFO">${tp} = TopicPartition{topic=test,partition=0,offset=-1001,error=None}</msg>
<status status="PASS" starttime="20210306 23:03:47.464" endtime="20210306 23:03:47.464"></status>
</kw>
<kw name="Get Watermark Offsets" library="ConfluentKafkaLibrary">
<doc>Retrieve low and high offsets for partition.</doc>
<arguments>
<arg>${group_id}</arg>
<arg>${tp}</arg>
</arguments>
<assign>
<var>${offset}</var>
</assign>
<msg timestamp="20210306 23:03:47.970" level="INFO">${offset} = (0, 8)</msg>
<status status="PASS" starttime="20210306 23:03:47.464" endtime="20210306 23:03:47.970"></status>
</kw>
<kw name="Create Topic Partition" library="ConfluentKafkaLibrary">
<doc>Returns TopicPartiton object based on
https://docs.confluent.io/current/clients/confluent-kafka-python/#topicpartition</doc>
<arguments>
<arg>${TEST_TOPIC}</arg>
<arg>${P_ID}</arg>
<arg>${offset[1]}</arg>
</arguments>
<assign>
<var>${tp}</var>
</assign>
<msg timestamp="20210306 23:03:47.971" level="INFO">${tp} = TopicPartition{topic=test,partition=0,offset=8,error=None}</msg>
<status status="PASS" starttime="20210306 23:03:47.970" endtime="20210306 23:03:47.971"></status>
</kw>
<kw name="Assign To Topic Partition" library="ConfluentKafkaLibrary">
<doc>Assign a list of TopicPartitions.</doc>
<arguments>
<arg>${group_id}</arg>
<arg>${tp}</arg>
</arguments>
<status status="PASS" starttime="20210306 23:03:47.971" endtime="20210306 23:03:47.972"></status>
</kw>
<kw name="Prepare Data">
<kw name="Produce" library="ConfluentKafkaLibrary">
<doc>Produce message to topic asynchronously to Kafka by encoding with specified or default avro schema.</doc>
<arguments>
<arg>group_id=${PRODUCER_ID}</arg>
<arg>topic=${TEST_TOPIC}</arg>
<arg>value=Hello</arg>
<arg>partition=${P_ID}</arg>
</arguments>
<status status="PASS" starttime="20210306 23:03:47.972" endtime="20210306 23:03:47.973"></status>
</kw>
<kw name="Produce" library="ConfluentKafkaLibrary">
<doc>Produce message to topic asynchronously to Kafka by encoding with specified or default avro schema.</doc>
<arguments>
<arg>group_id=${PRODUCER_ID}</arg>
<arg>topic=${TEST_TOPIC}</arg>
<arg>value=World</arg>
<arg>partition=${P_ID}</arg>
</arguments>
<status status="PASS" starttime="20210306 23:03:47.973" endtime="20210306 23:03:47.974"></status>
</kw>
<kw name="Produce" library="ConfluentKafkaLibrary">
<doc>Produce message to topic asynchronously to Kafka by encoding with specified or default avro schema.</doc>
<arguments>
<arg>group_id=${PRODUCER_ID}</arg>
<arg>topic=${TEST_TOPIC}</arg>
<arg>value={'test': 1}</arg>
<arg>partition=${P_ID}</arg>
</arguments>
<status status="PASS" starttime="20210306 23:03:47.974" endtime="20210306 23:03:47.974"></status>
</kw>
<kw name="Produce" library="ConfluentKafkaLibrary">
<doc>Produce message to topic asynchronously to Kafka by encoding with specified or default avro schema.</doc>
<arguments>
<arg>group_id=${PRODUCER_ID}</arg>
<arg>topic=${TEST_TOPIC}</arg>
<arg>value={'test': 2}</arg>
<arg>partition=${P_ID}</arg>
</arguments>
<status status="PASS" starttime="20210306 23:03:47.975" endtime="20210306 23:03:47.975"></status>
</kw>
<kw name="Produce" library="ConfluentKafkaLibrary">
<doc>Produce message to topic asynchronously to Kafka by encoding with specified or default avro schema.</doc>
<arguments>
<arg>group_id=${PRODUCER_ID}</arg>
<arg>topic=${TEST_TOPIC}</arg>
<arg>value={'test': 3}</arg>
<arg>partition=${P_ID}</arg>
</arguments>
<status status="PASS" starttime="20210306 23:03:47.975" endtime="20210306 23:03:47.976"></status>
</kw>
<kw name="Produce" library="ConfluentKafkaLibrary">
<doc>Produce message to topic asynchronously to Kafka by encoding with specified or default avro schema.</doc>
<arguments>
<arg>group_id=${PRODUCER_ID}</arg>
<arg>topic=${TEST_TOPIC}</arg>
<arg>value={'test': 4}</arg>
<arg>partition=${P_ID}</arg>
</arguments>
<status status="PASS" starttime="20210306 23:03:47.976" endtime="20210306 23:03:47.977"></status>
</kw>
<kw name="Wait Until Keyword Succeeds" library="BuiltIn">
<doc>Runs the specified keyword and retries if it fails.</doc>
<arguments>
<arg>10x</arg>
<arg>0.5s</arg>
<arg>All Messages Are Delivered</arg>
<arg>${PRODUCER_ID}</arg>
</arguments>
<kw name="All Messages Are Delivered">
<arguments>
<arg>${PRODUCER_ID}</arg>
</arguments>
<kw name="Flush" library="ConfluentKafkaLibrary">
<doc>Wait for all messages in the Producer queue to be delivered. Returns the number of messages still in queue.
This is a convenience method that calls poll() until len() is zero or the optional timeout elapses.
- `timeout` (real) : Optional timeout. Default: `0.1`.</doc>
<arguments>
<arg>${producer_id}</arg>
</arguments>
<assign>
<var>${count}</var>
</assign>
<msg timestamp="20210306 23:03:47.982" level="INFO">${count} = 0</msg>
<status status="PASS" starttime="20210306 23:03:47.977" endtime="20210306 23:03:47.982"></status>
</kw>
<kw name="Log" library="BuiltIn">
<doc>Logs the given message with the given level.</doc>
<arguments>
<arg>Reaming messages to be delivered: ${count}</arg>
</arguments>
<msg timestamp="20210306 23:03:47.983" level="INFO">Reaming messages to be delivered: 0</msg>
<status status="PASS" starttime="20210306 23:03:47.982" endtime="20210306 23:03:47.983"></status>
</kw>
<kw name="Should Be Equal As Integers" library="BuiltIn">
<doc>Fails if objects are unequal after converting them to integers.</doc>
<arguments>
<arg>${count}</arg>
<arg>0</arg>
</arguments>
<msg timestamp="20210306 23:03:47.983" level="INFO">Argument types are:
&lt;class 'int'&gt;
&lt;type 'unicode'&gt;</msg>
<status status="PASS" starttime="20210306 23:03:47.983" endtime="20210306 23:03:47.983"></status>
</kw>
<status status="PASS" starttime="20210306 23:03:47.977" endtime="20210306 23:03:47.984"></status>
</kw>
<status status="PASS" starttime="20210306 23:03:47.977" endtime="20210306 23:03:47.984"></status>
</kw>
<kw name="Sleep" library="BuiltIn">
<doc>Pauses the test executed for the given time.</doc>
<arguments>
<arg>1sec</arg>
</arguments>
<msg timestamp="20210306 23:03:48.984" level="INFO">Slept 1 second</msg>
<status status="PASS" starttime="20210306 23:03:47.984" endtime="20210306 23:03:48.984"></status>
</kw>
<status status="PASS" starttime="20210306 23:03:47.972" endtime="20210306 23:03:48.985"></status>
</kw>
<kw name="Poll" library="ConfluentKafkaLibrary">
<doc>Fetch and return messages from assigned topics / partitions as list.
- ``timeout`` (int): Seconds spent waiting in poll if data is not available in the buffer.</doc>
<arguments>
<arg>group_id=${group_id}</arg>
<arg>max_records=6</arg>
<arg>decode_format=utf8</arg>
</arguments>
<assign>
<var>${messages}</var>
</assign>
<msg timestamp="20210306 23:03:48.986" level="INFO">${messages} = ['Hello', 'World', "{'test': 1}", "{'test': 2}", "{'test': 3}", "{'test': 4}"]</msg>
<status status="PASS" starttime="20210306 23:03:48.985" endtime="20210306 23:03:48.986"></status>
</kw>
<kw name="Lists Should Be Equal" library="Collections">
<doc>Fails if given lists are unequal.</doc>
<arguments>
<arg>${TEST_DATA}</arg>
<arg>${messages}</arg>
</arguments>
<status status="PASS" starttime="20210306 23:03:48.986" endtime="20210306 23:03:48.986"></status>
</kw>
<kw name="Basic Teardown" type="teardown">
<arguments>
<arg>${group_id}</arg>
</arguments>
<kw name="Unsubscribe" library="ConfluentKafkaLibrary">
<doc>Unsubscribe of topics.</doc>
<arguments>
<arg>${group_id}</arg>
</arguments>
<status status="PASS" starttime="20210306 23:03:48.988" endtime="20210306 23:03:48.988"></status>
</kw>
<kw name="Close Consumer" library="ConfluentKafkaLibrary">
<doc>Close down and terminate the Kafka Consumer.</doc>
<arguments>
<arg>${group_id}</arg>
</arguments>
<status status="PASS" starttime="20210306 23:03:48.988" endtime="20210306 23:03:48.992"></status>
</kw>
<status status="PASS" starttime="20210306 23:03:48.987" endtime="20210306 23:03:48.993"></status>
</kw>
<status status="PASS" starttime="20210306 23:03:47.462" endtime="20210306 23:03:48.993" critical="yes"></status>
</test>
<test id="s1-s1-t6" name="Consumer With Assignment To OFFSET_END">
<kw name="Create Consumer" library="ConfluentKafkaLibrary">
<doc>Create Kafka Consumer and returns its `group_id` as string.</doc>
<assign>
<var>${group_id}</var>
</assign>
<msg timestamp="20210306 23:03:48.995" level="INFO">${group_id} = 679249ef-a94b-40b9-b73c-2ebce72a5115</msg>
<status status="PASS" starttime="20210306 23:03:48.995" endtime="20210306 23:03:48.995"></status>
</kw>
<kw name="Create Topic Partition" library="ConfluentKafkaLibrary">
<doc>Returns TopicPartiton object based on
https://docs.confluent.io/current/clients/confluent-kafka-python/#topicpartition</doc>
<arguments>
<arg>${TEST_TOPIC}</arg>
<arg>${P_ID}</arg>
<arg>${OFFSET_END}</arg>
</arguments>
<assign>
<var>${tp}</var>
</assign>
<msg timestamp="20210306 23:03:48.996" level="INFO">${tp} = TopicPartition{topic=test,partition=0,offset=-1,error=None}</msg>
<status status="PASS" starttime="20210306 23:03:48.996" endtime="20210306 23:03:48.996"></status>
</kw>
<kw name="Assign To Topic Partition" library="ConfluentKafkaLibrary">
<doc>Assign a list of TopicPartitions.</doc>
<arguments>
<arg>${group_id}</arg>
<arg>${tp}</arg>
</arguments>
<status status="PASS" starttime="20210306 23:03:48.996" endtime="20210306 23:03:48.996"></status>
</kw>
<kw name="Sleep" library="BuiltIn">
<doc>Pauses the test executed for the given time.</doc>
<arguments>
<arg>5sec</arg>
</arguments>
<msg timestamp="20210306 23:03:53.998" level="INFO">Slept 5 seconds</msg>
<status status="PASS" starttime="20210306 23:03:48.997" endtime="20210306 23:03:53.998"></status>
</kw>
<kw name="Prepare Data">
<kw name="Produce" library="ConfluentKafkaLibrary">
<doc>Produce message to topic asynchronously to Kafka by encoding with specified or default avro schema.</doc>
<arguments>
<arg>group_id=${PRODUCER_ID}</arg>
<arg>topic=${TEST_TOPIC}</arg>
<arg>value=Hello</arg>
<arg>partition=${P_ID}</arg>
</arguments>
<status status="PASS" starttime="20210306 23:03:53.998" endtime="20210306 23:03:53.999"></status>
</kw>
<kw name="Produce" library="ConfluentKafkaLibrary">
<doc>Produce message to topic asynchronously to Kafka by encoding with specified or default avro schema.</doc>
<arguments>
<arg>group_id=${PRODUCER_ID}</arg>
<arg>topic=${TEST_TOPIC}</arg>
<arg>value=World</arg>
<arg>partition=${P_ID}</arg>
</arguments>
<status status="PASS" starttime="20210306 23:03:53.999" endtime="20210306 23:03:54.000"></status>
</kw>
<kw name="Produce" library="ConfluentKafkaLibrary">
<doc>Produce message to topic asynchronously to Kafka by encoding with specified or default avro schema.</doc>
<arguments>
<arg>group_id=${PRODUCER_ID}</arg>
<arg>topic=${TEST_TOPIC}</arg>
<arg>value={'test': 1}</arg>
<arg>partition=${P_ID}</arg>
</arguments>
<status status="PASS" starttime="20210306 23:03:54.000" endtime="20210306 23:03:54.001"></status>
</kw>
<kw name="Produce" library="ConfluentKafkaLibrary">
<doc>Produce message to topic asynchronously to Kafka by encoding with specified or default avro schema.</doc>
<arguments>
<arg>group_id=${PRODUCER_ID}</arg>
<arg>topic=${TEST_TOPIC}</arg>
<arg>value={'test': 2}</arg>
<arg>partition=${P_ID}</arg>
</arguments>
<status status="PASS" starttime="20210306 23:03:54.001" endtime="20210306 23:03:54.001"></status>
</kw>
<kw name="Produce" library="ConfluentKafkaLibrary">
<doc>Produce message to topic asynchronously to Kafka by encoding with specified or default avro schema.</doc>
<arguments>
<arg>group_id=${PRODUCER_ID}</arg>
<arg>topic=${TEST_TOPIC}</arg>
<arg>value={'test': 3}</arg>
<arg>partition=${P_ID}</arg>
</arguments>
<status status="PASS" starttime="20210306 23:03:54.001" endtime="20210306 23:03:54.002"></status>
</kw>
<kw name="Produce" library="ConfluentKafkaLibrary">
<doc>Produce message to topic asynchronously to Kafka by encoding with specified or default avro schema.</doc>
<arguments>
<arg>group_id=${PRODUCER_ID}</arg>
<arg>topic=${TEST_TOPIC}</arg>
<arg>value={'test': 4}</arg>
<arg>partition=${P_ID}</arg>
</arguments>
<status status="PASS" starttime="20210306 23:03:54.002" endtime="20210306 23:03:54.003"></status>
</kw>
<kw name="Wait Until Keyword Succeeds" library="BuiltIn">
<doc>Runs the specified keyword and retries if it fails.</doc>
<arguments>
<arg>10x</arg>
<arg>0.5s</arg>
<arg>All Messages Are Delivered</arg>
<arg>${PRODUCER_ID}</arg>
</arguments>
<kw name="All Messages Are Delivered">
<arguments>
<arg>${PRODUCER_ID}</arg>
</arguments>
<kw name="Flush" library="ConfluentKafkaLibrary">
<doc>Wait for all messages in the Producer queue to be delivered. Returns the number of messages still in queue.
This is a convenience method that calls poll() until len() is zero or the optional timeout elapses.
- `timeout` (real) : Optional timeout. Default: `0.1`.</doc>
<arguments>
<arg>${producer_id}</arg>
</arguments>
<assign>
<var>${count}</var>
</assign>
<msg timestamp="20210306 23:03:54.010" level="INFO">${count} = 0</msg>
<status status="PASS" starttime="20210306 23:03:54.004" endtime="20210306 23:03:54.010"></status>
</kw>
<kw name="Log" library="BuiltIn">
<doc>Logs the given message with the given level.</doc>
<arguments>
<arg>Reaming messages to be delivered: ${count}</arg>
</arguments>
<msg timestamp="20210306 23:03:54.010" level="INFO">Reaming messages to be delivered: 0</msg>
<status status="PASS" starttime="20210306 23:03:54.010" endtime="20210306 23:03:54.010"></status>
</kw>
<kw name="Should Be Equal As Integers" library="BuiltIn">
<doc>Fails if objects are unequal after converting them to integers.</doc>
<arguments>
<arg>${count}</arg>
<arg>0</arg>
</arguments>
<msg timestamp="20210306 23:03:54.011" level="INFO">Argument types are:
&lt;class 'int'&gt;
&lt;type 'unicode'&gt;</msg>
<status status="PASS" starttime="20210306 23:03:54.010" endtime="20210306 23:03:54.011"></status>
</kw>
<status status="PASS" starttime="20210306 23:03:54.003" endtime="20210306 23:03:54.011"></status>
</kw>
<status status="PASS" starttime="20210306 23:03:54.003" endtime="20210306 23:03:54.011"></status>
</kw>
<kw name="Sleep" library="BuiltIn">
<doc>Pauses the test executed for the given time.</doc>
<arguments>
<arg>1sec</arg>
</arguments>
<msg timestamp="20210306 23:03:55.011" level="INFO">Slept 1 second</msg>
<status status="PASS" starttime="20210306 23:03:54.011" endtime="20210306 23:03:55.012"></status>
</kw>
<status status="PASS" starttime="20210306 23:03:53.998" endtime="20210306 23:03:55.012"></status>
</kw>
<kw name="Poll" library="ConfluentKafkaLibrary">
<doc>Fetch and return messages from assigned topics / partitions as list.
- ``timeout`` (int): Seconds spent waiting in poll if data is not available in the buffer.</doc>
<arguments>
<arg>group_id=${group_id}</arg>
<arg>poll_attempts=30</arg>
<arg>max_records=6</arg>
<arg>timeout=5</arg>
<arg>decode_format=utf8</arg>
</arguments>
<assign>
<var>${messages}</var>
</assign>
<msg timestamp="20210306 23:03:55.013" level="INFO">${messages} = ['Hello', 'World', "{'test': 1}", "{'test': 2}", "{'test': 3}", "{'test': 4}"]</msg>
<status status="PASS" starttime="20210306 23:03:55.012" endtime="20210306 23:03:55.013"></status>
</kw>
<kw name="Lists Should Be Equal" library="Collections">
<doc>Fails if given lists are unequal.</doc>
<arguments>
<arg>${TEST_DATA}</arg>
<arg>${messages}</arg>
</arguments>
<status status="PASS" starttime="20210306 23:03:55.014" endtime="20210306 23:03:55.014"></status>
</kw>
<kw name="Unassign Teardown" type="teardown">
<arguments>
<arg>${group_id}</arg>
</arguments>
<kw name="Unassign" library="ConfluentKafkaLibrary">
<arguments>
<arg>${group_id}</arg>
</arguments>
<status status="PASS" starttime="20210306 23:03:55.015" endtime="20210306 23:03:55.016"></status>
</kw>
<kw name="Close Consumer" library="ConfluentKafkaLibrary">
<doc>Close down and terminate the Kafka Consumer.</doc>
<arguments>
<arg>${group_id}</arg>
</arguments>
<status status="PASS" starttime="20210306 23:03:55.016" endtime="20210306 23:03:55.019"></status>
</kw>
<status status="PASS" starttime="20210306 23:03:55.015" endtime="20210306 23:03:55.019"></status>
</kw>
<status status="PASS" starttime="20210306 23:03:48.993" endtime="20210306 23:03:55.019" critical="yes"></status>
</test>
<test id="s1-s1-t7" name="Verify Test And Threaded Consumer">
<kw name="Clear Messages From Thread" library="ConfluentKafkaLibrary" type="setup">
<doc>Remove all records gathered from specific thread
- ``running_thread`` (Thread object) - thread which was executed with
    `Start Consumer Threaded` keyword</doc>
<arguments>
<arg>${MAIN_THREAD}</arg>
</arguments>
<status status="PASS" starttime="20210306 23:03:55.021" endtime="20210306 23:03:55.022"></status>
</kw>
<kw name="Create Consumer" library="ConfluentKafkaLibrary">
<doc>Create Kafka Consumer and returns its `group_id` as string.</doc>
<assign>
<var>${group_id}</var>
</assign>
<msg timestamp="20210306 23:03:55.023" level="INFO">${group_id} = 75a24a9e-5d00-4892-bcac-ea623c508afc</msg>
<status status="PASS" starttime="20210306 23:03:55.022" endtime="20210306 23:03:55.023"></status>
</kw>
<kw name="Subscribe Topic" library="ConfluentKafkaLibrary">
<doc>Subscribe to a list of topics, or a topic regex pattern.
   https://docs.confluent.io/current/clients/confluent-kafka-python/#confluent_kafka.Consumer.subscribe</doc>
<arguments>
<arg>group_id=${group_id}</arg>
<arg>topics=${TEST_TOPIC}</arg>
</arguments>
<status status="PASS" starttime="20210306 23:03:55.023" endtime="20210306 23:03:55.024"></status>
</kw>
<kw name="Poll" library="ConfluentKafkaLibrary">
<doc>Fetch and return messages from assigned topics / partitions as list.
- ``timeout`` (int): Seconds spent waiting in poll if data is not available in the buffer.</doc>
<arguments>
<arg>group_id=${group_id}</arg>
</arguments>
<assign>
<var>${messages}</var>
</assign>
<msg timestamp="20210306 23:04:05.026" level="INFO">${messages} = []</msg>
<status status="PASS" starttime="20210306 23:03:55.024" endtime="20210306 23:04:05.026"></status>
</kw>
<kw name="Prepare Data">
<kw name="Produce" library="ConfluentKafkaLibrary">
<doc>Produce message to topic asynchronously to Kafka by encoding with specified or default avro schema.</doc>
<arguments>
<arg>group_id=${PRODUCER_ID}</arg>
<arg>topic=${TEST_TOPIC}</arg>
<arg>value=Hello</arg>
<arg>partition=${P_ID}</arg>
</arguments>
<status status="PASS" starttime="20210306 23:04:05.027" endtime="20210306 23:04:05.028"></status>
</kw>
<kw name="Produce" library="ConfluentKafkaLibrary">
<doc>Produce message to topic asynchronously to Kafka by encoding with specified or default avro schema.</doc>
<arguments>
<arg>group_id=${PRODUCER_ID}</arg>
<arg>topic=${TEST_TOPIC}</arg>
<arg>value=World</arg>
<arg>partition=${P_ID}</arg>
</arguments>
<status status="PASS" starttime="20210306 23:04:05.028" endtime="20210306 23:04:05.028"></status>
</kw>
<kw name="Produce" library="ConfluentKafkaLibrary">
<doc>Produce message to topic asynchronously to Kafka by encoding with specified or default avro schema.</doc>
<arguments>
<arg>group_id=${PRODUCER_ID}</arg>
<arg>topic=${TEST_TOPIC}</arg>
<arg>value={'test': 1}</arg>
<arg>partition=${P_ID}</arg>
</arguments>
<status status="PASS" starttime="20210306 23:04:05.029" endtime="20210306 23:04:05.029"></status>
</kw>
<kw name="Produce" library="ConfluentKafkaLibrary">
<doc>Produce message to topic asynchronously to Kafka by encoding with specified or default avro schema.</doc>
<arguments>
<arg>group_id=${PRODUCER_ID}</arg>
<arg>topic=${TEST_TOPIC}</arg>
<arg>value={'test': 2}</arg>
<arg>partition=${P_ID}</arg>
</arguments>
<status status="PASS" starttime="20210306 23:04:05.029" endtime="20210306 23:04:05.030"></status>
</kw>
<kw name="Produce" library="ConfluentKafkaLibrary">
<doc>Produce message to topic asynchronously to Kafka by encoding with specified or default avro schema.</doc>
<arguments>
<arg>group_id=${PRODUCER_ID}</arg>
<arg>topic=${TEST_TOPIC}</arg>
<arg>value={'test': 3}</arg>
<arg>partition=${P_ID}</arg>
</arguments>
<status status="PASS" starttime="20210306 23:04:05.030" endtime="20210306 23:04:05.031"></status>
</kw>
<kw name="Produce" library="ConfluentKafkaLibrary">
<doc>Produce message to topic asynchronously to Kafka by encoding with specified or default avro schema.</doc>
<arguments>
<arg>group_id=${PRODUCER_ID}</arg>
<arg>topic=${TEST_TOPIC}</arg>
<arg>value={'test': 4}</arg>
<arg>partition=${P_ID}</arg>
</arguments>
<status status="PASS" starttime="20210306 23:04:05.031" endtime="20210306 23:04:05.031"></status>
</kw>
<kw name="Wait Until Keyword Succeeds" library="BuiltIn">
<doc>Runs the specified keyword and retries if it fails.</doc>
<arguments>
<arg>10x</arg>
<arg>0.5s</arg>
<arg>All Messages Are Delivered</arg>
<arg>${PRODUCER_ID}</arg>
</arguments>
<kw name="All Messages Are Delivered">
<arguments>
<arg>${PRODUCER_ID}</arg>
</arguments>
<kw name="Flush" library="ConfluentKafkaLibrary">
<doc>Wait for all messages in the Producer queue to be delivered. Returns the number of messages still in queue.
This is a convenience method that calls poll() until len() is zero or the optional timeout elapses.
- `timeout` (real) : Optional timeout. Default: `0.1`.</doc>
<arguments>
<arg>${producer_id}</arg>
</arguments>
<assign>
<var>${count}</var>
</assign>
<msg timestamp="20210306 23:04:05.038" level="INFO">${count} = 0</msg>
<status status="PASS" starttime="20210306 23:04:05.032" endtime="20210306 23:04:05.038"></status>
</kw>
<kw name="Log" library="BuiltIn">
<doc>Logs the given message with the given level.</doc>
<arguments>
<arg>Reaming messages to be delivered: ${count}</arg>
</arguments>
<msg timestamp="20210306 23:04:05.038" level="INFO">Reaming messages to be delivered: 0</msg>
<status status="PASS" starttime="20210306 23:04:05.038" endtime="20210306 23:04:05.038"></status>
</kw>
<kw name="Should Be Equal As Integers" library="BuiltIn">
<doc>Fails if objects are unequal after converting them to integers.</doc>
<arguments>
<arg>${count}</arg>
<arg>0</arg>
</arguments>
<msg timestamp="20210306 23:04:05.039" level="INFO">Argument types are:
&lt;class 'int'&gt;
&lt;type 'unicode'&gt;</msg>
<status status="PASS" starttime="20210306 23:04:05.038" endtime="20210306 23:04:05.039"></status>
</kw>
<status status="PASS" starttime="20210306 23:04:05.032" endtime="20210306 23:04:05.039"></status>
</kw>
<status status="PASS" starttime="20210306 23:04:05.031" endtime="20210306 23:04:05.039"></status>
</kw>
<kw name="Sleep" library="BuiltIn">
<doc>Pauses the test executed for the given time.</doc>
<arguments>
<arg>1sec</arg>
</arguments>
<msg timestamp="20210306 23:04:06.039" level="INFO">Slept 1 second</msg>
<status status="PASS" starttime="20210306 23:04:05.039" endtime="20210306 23:04:06.040"></status>
</kw>
<status status="PASS" starttime="20210306 23:04:05.027" endtime="20210306 23:04:06.041"></status>
</kw>
<kw name="Get Messages From Thread" library="ConfluentKafkaLibrary">
<doc>Returns all records gathered from specific thread
- ``running_thread`` (Thread object) - thread which was executed with
    `Start Consumer Threaded` keyword
- ``decode_format`` (str) - If you need to decode data to specific format
    (See https://docs.python.org/3/library/codecs.html#standard-encodings). Default: None.</doc>
<arguments>
<arg>${MAIN_THREAD}</arg>
<arg>decode_format=utf-8</arg>
</arguments>
<assign>
<var>${thread_messages}</var>
</assign>
<msg timestamp="20210306 23:04:06.042" level="INFO">${thread_messages} = ['Hello', 'World', "{'test': 1}", "{'test': 2}", "{'test': 3}", "{'test': 4}"]</msg>
<status status="PASS" starttime="20210306 23:04:06.041" endtime="20210306 23:04:06.042"></status>
</kw>
<kw name="Poll" library="ConfluentKafkaLibrary">
<doc>Fetch and return messages from assigned topics / partitions as list.
- ``timeout`` (int): Seconds spent waiting in poll if data is not available in the buffer.</doc>
<arguments>
<arg>group_id=${group_id}</arg>
<arg>max_records=6</arg>
<arg>decode_format=utf8</arg>
</arguments>
<assign>
<var>${messages}</var>
</assign>
<msg timestamp="20210306 23:04:06.043" level="INFO">${messages} = ['Hello', 'World', "{'test': 1}", "{'test': 2}", "{'test': 3}", "{'test': 4}"]</msg>
<status status="PASS" starttime="20210306 23:04:06.042" endtime="20210306 23:04:06.043"></status>
</kw>
<kw name="Lists Should Be Equal" library="Collections">
<doc>Fails if given lists are unequal.</doc>
<arguments>
<arg>${thread_messages}</arg>
<arg>${messages}</arg>
</arguments>
<status status="PASS" starttime="20210306 23:04:06.043" endtime="20210306 23:04:06.044"></status>
</kw>
<kw name="Run Keywords" library="BuiltIn" type="teardown">
<doc>Executes all the given keywords in a sequence.</doc>
<arguments>
<arg>Basic Teardown</arg>
<arg>${group_id}</arg>
<arg>AND</arg>
<arg>Clear Messages From Thread</arg>
<arg>${MAIN_THREAD}</arg>
</arguments>
<kw name="Basic Teardown">
<arguments>
<arg>${group_id}</arg>
</arguments>
<kw name="Unsubscribe" library="ConfluentKafkaLibrary">
<doc>Unsubscribe of topics.</doc>
<arguments>
<arg>${group_id}</arg>
</arguments>
<status status="PASS" starttime="20210306 23:04:06.045" endtime="20210306 23:04:06.045"></status>
</kw>
<kw name="Close Consumer" library="ConfluentKafkaLibrary">
<doc>Close down and terminate the Kafka Consumer.</doc>
<arguments>
<arg>${group_id}</arg>
</arguments>
<status status="PASS" starttime="20210306 23:04:06.045" endtime="20210306 23:04:06.050"></status>
</kw>
<status status="PASS" starttime="20210306 23:04:06.044" endtime="20210306 23:04:06.050"></status>
</kw>
<kw name="Clear Messages From Thread" library="ConfluentKafkaLibrary">
<doc>Remove all records gathered from specific thread
- ``running_thread`` (Thread object) - thread which was executed with
    `Start Consumer Threaded` keyword</doc>
<arguments>
<arg>${MAIN_THREAD}</arg>
</arguments>
<status status="PASS" starttime="20210306 23:04:06.050" endtime="20210306 23:04:06.051"></status>
</kw>
<status status="PASS" starttime="20210306 23:04:06.044" endtime="20210306 23:04:06.051"></status>
</kw>
<status status="PASS" starttime="20210306 23:03:55.020" endtime="20210306 23:04:06.051" critical="yes"></status>
</test>
<test id="s1-s1-t8" name="Verify Clean Of Threaded Consumer Messages">
<kw name="Prepare Data" type="setup">
<kw name="Produce" library="ConfluentKafkaLibrary">
<doc>Produce message to topic asynchronously to Kafka by encoding with specified or default avro schema.</doc>
<arguments>
<arg>group_id=${PRODUCER_ID}</arg>
<arg>topic=${TEST_TOPIC}</arg>
<arg>value=Hello</arg>
<arg>partition=${P_ID}</arg>
</arguments>
<status status="PASS" starttime="20210306 23:04:06.053" endtime="20210306 23:04:06.054"></status>
</kw>
<kw name="Produce" library="ConfluentKafkaLibrary">
<doc>Produce message to topic asynchronously to Kafka by encoding with specified or default avro schema.</doc>
<arguments>
<arg>group_id=${PRODUCER_ID}</arg>
<arg>topic=${TEST_TOPIC}</arg>
<arg>value=World</arg>
<arg>partition=${P_ID}</arg>
</arguments>
<status status="PASS" starttime="20210306 23:04:06.055" endtime="20210306 23:04:06.055"></status>
</kw>
<kw name="Produce" library="ConfluentKafkaLibrary">
<doc>Produce message to topic asynchronously to Kafka by encoding with specified or default avro schema.</doc>
<arguments>
<arg>group_id=${PRODUCER_ID}</arg>
<arg>topic=${TEST_TOPIC}</arg>
<arg>value={'test': 1}</arg>
<arg>partition=${P_ID}</arg>
</arguments>
<status status="PASS" starttime="20210306 23:04:06.056" endtime="20210306 23:04:06.056"></status>
</kw>
<kw name="Produce" library="ConfluentKafkaLibrary">
<doc>Produce message to topic asynchronously to Kafka by encoding with specified or default avro schema.</doc>
<arguments>
<arg>group_id=${PRODUCER_ID}</arg>
<arg>topic=${TEST_TOPIC}</arg>
<arg>value={'test': 2}</arg>
<arg>partition=${P_ID}</arg>
</arguments>
<status status="PASS" starttime="20210306 23:04:06.056" endtime="20210306 23:04:06.057"></status>
</kw>
<kw name="Produce" library="ConfluentKafkaLibrary">
<doc>Produce message to topic asynchronously to Kafka by encoding with specified or default avro schema.</doc>
<arguments>
<arg>group_id=${PRODUCER_ID}</arg>
<arg>topic=${TEST_TOPIC}</arg>
<arg>value={'test': 3}</arg>
<arg>partition=${P_ID}</arg>
</arguments>
<status status="PASS" starttime="20210306 23:04:06.057" endtime="20210306 23:04:06.058"></status>
</kw>
<kw name="Produce" library="ConfluentKafkaLibrary">
<doc>Produce message to topic asynchronously to Kafka by encoding with specified or default avro schema.</doc>
<arguments>
<arg>group_id=${PRODUCER_ID}</arg>
<arg>topic=${TEST_TOPIC}</arg>
<arg>value={'test': 4}</arg>
<arg>partition=${P_ID}</arg>
</arguments>
<status status="PASS" starttime="20210306 23:04:06.058" endtime="20210306 23:04:06.058"></status>
</kw>
<kw name="Wait Until Keyword Succeeds" library="BuiltIn">
<doc>Runs the specified keyword and retries if it fails.</doc>
<arguments>
<arg>10x</arg>
<arg>0.5s</arg>
<arg>All Messages Are Delivered</arg>
<arg>${PRODUCER_ID}</arg>
</arguments>
<kw name="All Messages Are Delivered">
<arguments>
<arg>${PRODUCER_ID}</arg>
</arguments>
<kw name="Flush" library="ConfluentKafkaLibrary">
<doc>Wait for all messages in the Producer queue to be delivered. Returns the number of messages still in queue.
This is a convenience method that calls poll() until len() is zero or the optional timeout elapses.
- `timeout` (real) : Optional timeout. Default: `0.1`.</doc>
<arguments>
<arg>${producer_id}</arg>
</arguments>
<assign>
<var>${count}</var>
</assign>
<msg timestamp="20210306 23:04:06.063" level="INFO">${count} = 0</msg>
<status status="PASS" starttime="20210306 23:04:06.059" endtime="20210306 23:04:06.063"></status>
</kw>
<kw name="Log" library="BuiltIn">
<doc>Logs the given message with the given level.</doc>
<arguments>
<arg>Reaming messages to be delivered: ${count}</arg>
</arguments>
<msg timestamp="20210306 23:04:06.063" level="INFO">Reaming messages to be delivered: 0</msg>
<status status="PASS" starttime="20210306 23:04:06.063" endtime="20210306 23:04:06.063"></status>
</kw>
<kw name="Should Be Equal As Integers" library="BuiltIn">
<doc>Fails if objects are unequal after converting them to integers.</doc>
<arguments>
<arg>${count}</arg>
<arg>0</arg>
</arguments>
<msg timestamp="20210306 23:04:06.064" level="INFO">Argument types are:
&lt;class 'int'&gt;
&lt;type 'unicode'&gt;</msg>
<status status="PASS" starttime="20210306 23:04:06.064" endtime="20210306 23:04:06.064"></status>
</kw>
<status status="PASS" starttime="20210306 23:04:06.059" endtime="20210306 23:04:06.064"></status>
</kw>
<status status="PASS" starttime="20210306 23:04:06.059" endtime="20210306 23:04:06.064"></status>
</kw>
<kw name="Sleep" library="BuiltIn">
<doc>Pauses the test executed for the given time.</doc>
<arguments>
<arg>1sec</arg>
</arguments>
<msg timestamp="20210306 23:04:07.065" level="INFO">Slept 1 second</msg>
<status status="PASS" starttime="20210306 23:04:06.064" endtime="20210306 23:04:07.065"></status>
</kw>
<status status="PASS" starttime="20210306 23:04:06.053" endtime="20210306 23:04:07.065"></status>
</kw>
<kw name="Get Messages From Thread" library="ConfluentKafkaLibrary">
<doc>Returns all records gathered from specific thread
- ``running_thread`` (Thread object) - thread which was executed with
    `Start Consumer Threaded` keyword
- ``decode_format`` (str) - If you need to decode data to specific format
    (See https://docs.python.org/3/library/codecs.html#standard-encodings). Default: None.</doc>
<arguments>
<arg>${MAIN_THREAD}</arg>
<arg>decode_format=utf-8</arg>
</arguments>
<assign>
<var>${thread_messages1}</var>
</assign>
<msg timestamp="20210306 23:04:07.066" level="INFO">${thread_messages1} = ['Hello', 'World', "{'test': 1}", "{'test': 2}", "{'test': 3}", "{'test': 4}"]</msg>
<status status="PASS" starttime="20210306 23:04:07.066" endtime="20210306 23:04:07.066"></status>
</kw>
<kw name="Clear Messages From Thread" library="ConfluentKafkaLibrary">
<doc>Remove all records gathered from specific thread
- ``running_thread`` (Thread object) - thread which was executed with
    `Start Consumer Threaded` keyword</doc>
<arguments>
<arg>${MAIN_THREAD}</arg>
</arguments>
<status status="PASS" starttime="20210306 23:04:07.066" endtime="20210306 23:04:07.066"></status>
</kw>
<kw name="Get Messages From Thread" library="ConfluentKafkaLibrary">
<doc>Returns all records gathered from specific thread
- ``running_thread`` (Thread object) - thread which was executed with
    `Start Consumer Threaded` keyword
- ``decode_format`` (str) - If you need to decode data to specific format
    (See https://docs.python.org/3/library/codecs.html#standard-encodings). Default: None.</doc>
<arguments>
<arg>${MAIN_THREAD}</arg>
</arguments>
<assign>
<var>${thread_messages2}</var>
</assign>
<msg timestamp="20210306 23:04:07.067" level="INFO">${thread_messages2} = []</msg>
<status status="PASS" starttime="20210306 23:04:07.067" endtime="20210306 23:04:07.067"></status>
</kw>
<kw name="Lists Should Be Equal" library="Collections">
<doc>Fails if given lists are unequal.</doc>
<arguments>
<arg>${TEST_DATA}</arg>
<arg>${thread_messages1}</arg>
</arguments>
<status status="PASS" starttime="20210306 23:04:07.067" endtime="20210306 23:04:07.067"></status>
</kw>
<kw name="Should Be Empty" library="BuiltIn">
<doc>Verifies that the given item is empty.</doc>
<arguments>
<arg>${thread_messages2}</arg>
</arguments>
<msg timestamp="20210306 23:04:07.067" level="INFO">Length is 0</msg>
<status status="PASS" starttime="20210306 23:04:07.067" endtime="20210306 23:04:07.068"></status>
</kw>
<kw name="Clear Messages From Thread" library="ConfluentKafkaLibrary" type="teardown">
<doc>Remove all records gathered from specific thread
- ``running_thread`` (Thread object) - thread which was executed with
    `Start Consumer Threaded` keyword</doc>
<arguments>
<arg>${MAIN_THREAD}</arg>
</arguments>
<status status="PASS" starttime="20210306 23:04:07.068" endtime="20210306 23:04:07.068"></status>
</kw>
<status status="PASS" starttime="20210306 23:04:06.051" endtime="20210306 23:04:07.068" critical="yes"></status>
</test>
<test id="s1-s1-t9" name="Remove And Publish New Messages From Threaded Consumer">
<kw name="Prepare Data" type="setup">
<kw name="Produce" library="ConfluentKafkaLibrary">
<doc>Produce message to topic asynchronously to Kafka by encoding with specified or default avro schema.</doc>
<arguments>
<arg>group_id=${PRODUCER_ID}</arg>
<arg>topic=${TEST_TOPIC}</arg>
<arg>value=Hello</arg>
<arg>partition=${P_ID}</arg>
</arguments>
<status status="PASS" starttime="20210306 23:04:07.070" endtime="20210306 23:04:07.071"></status>
</kw>
<kw name="Produce" library="ConfluentKafkaLibrary">
<doc>Produce message to topic asynchronously to Kafka by encoding with specified or default avro schema.</doc>
<arguments>
<arg>group_id=${PRODUCER_ID}</arg>
<arg>topic=${TEST_TOPIC}</arg>
<arg>value=World</arg>
<arg>partition=${P_ID}</arg>
</arguments>
<status status="PASS" starttime="20210306 23:04:07.071" endtime="20210306 23:04:07.072"></status>
</kw>
<kw name="Produce" library="ConfluentKafkaLibrary">
<doc>Produce message to topic asynchronously to Kafka by encoding with specified or default avro schema.</doc>
<arguments>
<arg>group_id=${PRODUCER_ID}</arg>
<arg>topic=${TEST_TOPIC}</arg>
<arg>value={'test': 1}</arg>
<arg>partition=${P_ID}</arg>
</arguments>
<status status="PASS" starttime="20210306 23:04:07.072" endtime="20210306 23:04:07.072"></status>
</kw>
<kw name="Produce" library="ConfluentKafkaLibrary">
<doc>Produce message to topic asynchronously to Kafka by encoding with specified or default avro schema.</doc>
<arguments>
<arg>group_id=${PRODUCER_ID}</arg>
<arg>topic=${TEST_TOPIC}</arg>
<arg>value={'test': 2}</arg>
<arg>partition=${P_ID}</arg>
</arguments>
<status status="PASS" starttime="20210306 23:04:07.073" endtime="20210306 23:04:07.073"></status>
</kw>
<kw name="Produce" library="ConfluentKafkaLibrary">
<doc>Produce message to topic asynchronously to Kafka by encoding with specified or default avro schema.</doc>
<arguments>
<arg>group_id=${PRODUCER_ID}</arg>
<arg>topic=${TEST_TOPIC}</arg>
<arg>value={'test': 3}</arg>
<arg>partition=${P_ID}</arg>
</arguments>
<status status="PASS" starttime="20210306 23:04:07.073" endtime="20210306 23:04:07.074"></status>
</kw>
<kw name="Produce" library="ConfluentKafkaLibrary">
<doc>Produce message to topic asynchronously to Kafka by encoding with specified or default avro schema.</doc>
<arguments>
<arg>group_id=${PRODUCER_ID}</arg>
<arg>topic=${TEST_TOPIC}</arg>
<arg>value={'test': 4}</arg>
<arg>partition=${P_ID}</arg>
</arguments>
<status status="PASS" starttime="20210306 23:04:07.074" endtime="20210306 23:04:07.075"></status>
</kw>
<kw name="Wait Until Keyword Succeeds" library="BuiltIn">
<doc>Runs the specified keyword and retries if it fails.</doc>
<arguments>
<arg>10x</arg>
<arg>0.5s</arg>
<arg>All Messages Are Delivered</arg>
<arg>${PRODUCER_ID}</arg>
</arguments>
<kw name="All Messages Are Delivered">
<arguments>
<arg>${PRODUCER_ID}</arg>
</arguments>
<kw name="Flush" library="ConfluentKafkaLibrary">
<doc>Wait for all messages in the Producer queue to be delivered. Returns the number of messages still in queue.
This is a convenience method that calls poll() until len() is zero or the optional timeout elapses.
- `timeout` (real) : Optional timeout. Default: `0.1`.</doc>
<arguments>
<arg>${producer_id}</arg>
</arguments>
<assign>
<var>${count}</var>
</assign>
<msg timestamp="20210306 23:04:07.080" level="INFO">${count} = 0</msg>
<status status="PASS" starttime="20210306 23:04:07.075" endtime="20210306 23:04:07.081"></status>
</kw>
<kw name="Log" library="BuiltIn">
<doc>Logs the given message with the given level.</doc>
<arguments>
<arg>Reaming messages to be delivered: ${count}</arg>
</arguments>
<msg timestamp="20210306 23:04:07.081" level="INFO">Reaming messages to be delivered: 0</msg>
<status status="PASS" starttime="20210306 23:04:07.081" endtime="20210306 23:04:07.081"></status>
</kw>
<kw name="Should Be Equal As Integers" library="BuiltIn">
<doc>Fails if objects are unequal after converting them to integers.</doc>
<arguments>
<arg>${count}</arg>
<arg>0</arg>
</arguments>
<msg timestamp="20210306 23:04:07.082" level="INFO">Argument types are:
&lt;class 'int'&gt;
&lt;type 'unicode'&gt;</msg>
<status status="PASS" starttime="20210306 23:04:07.081" endtime="20210306 23:04:07.082"></status>
</kw>
<status status="PASS" starttime="20210306 23:04:07.075" endtime="20210306 23:04:07.082"></status>
</kw>
<status status="PASS" starttime="20210306 23:04:07.075" endtime="20210306 23:04:07.082"></status>
</kw>
<kw name="Sleep" library="BuiltIn">
<doc>Pauses the test executed for the given time.</doc>
<arguments>
<arg>1sec</arg>
</arguments>
<msg timestamp="20210306 23:04:08.083" level="INFO">Slept 1 second</msg>
<status status="PASS" starttime="20210306 23:04:07.082" endtime="20210306 23:04:08.083"></status>
</kw>
<status status="PASS" starttime="20210306 23:04:07.070" endtime="20210306 23:04:08.083"></status>
</kw>
<kw name="Get Messages From Thread" library="ConfluentKafkaLibrary">
<doc>Returns all records gathered from specific thread
- ``running_thread`` (Thread object) - thread which was executed with
    `Start Consumer Threaded` keyword
- ``decode_format`` (str) - If you need to decode data to specific format
    (See https://docs.python.org/3/library/codecs.html#standard-encodings). Default: None.</doc>
<arguments>
<arg>${MAIN_THREAD}</arg>
<arg>decode_format=utf-8</arg>
</arguments>
<assign>
<var>${thread_messages1}</var>
</assign>
[...]
</kw>
<status status="FAIL" starttime="20210306 23:04:23.125" endtime="20210306 23:04:23.229"></status>
</kw>
<kw name="All Messages Are Delivered">
<arguments>
<arg>${producer_id}</arg>
</arguments>
<kw name="Flush" library="ConfluentKafkaLibrary">
<doc>Wait for all messages in the Producer queue to be delivered. Returns the number of messages still in queue.
This is a convenience method that calls poll() until len() is zero or the optional timeout elapses.
- `timeout` (real) : Optional timeout. Default: `0.1`.</doc>
<arguments>
<arg>${producer_id}</arg>
</arguments>
<assign>
<var>${count}</var>
</assign>
<msg timestamp="20210306 23:04:23.730" level="INFO">${count} = 0</msg>
<status status="PASS" starttime="20210306 23:04:23.730" endtime="20210306 23:04:23.730"></status>
</kw>
<kw name="Log" library="BuiltIn">
<doc>Logs the given message with the given level.</doc>
<arguments>
<arg>Reaming messages to be delivered: ${count}</arg>
</arguments>
<msg timestamp="20210306 23:04:23.730" level="INFO">Reaming messages to be delivered: 0</msg>
<status status="PASS" starttime="20210306 23:04:23.730" endtime="20210306 23:04:23.731"></status>
</kw>
<kw name="Should Be Equal As Integers" library="BuiltIn">
<doc>Fails if objects are unequal after converting them to integers.</doc>
<arguments>
<arg>${count}</arg>
<arg>0</arg>
</arguments>
<msg timestamp="20210306 23:04:23.731" level="INFO">Argument types are:
&lt;class 'int'&gt;
&lt;type 'unicode'&gt;</msg>
<status status="PASS" starttime="20210306 23:04:23.731" endtime="20210306 23:04:23.731"></status>
</kw>
<status status="PASS" starttime="20210306 23:04:23.729" endtime="20210306 23:04:23.731"></status>
</kw>
<status status="PASS" starttime="20210306 23:04:22.521" endtime="20210306 23:04:23.731"></status>
</kw>
<kw name="Sleep" library="BuiltIn">
<doc>Pauses the test executed for the given time.</doc>
<arguments>
<arg>1s</arg>
</arguments>
<msg timestamp="20210306 23:04:24.732" level="INFO">Slept 1 second</msg>
<status status="PASS" starttime="20210306 23:04:23.731" endtime="20210306 23:04:24.732"></status>
</kw>
<kw name="Create Consumer" library="ConfluentKafkaLibrary">
<doc>Create Kafka Consumer and returns its `group_id` as string.</doc>
<arguments>
<arg>auto_offset_reset=earliest</arg>
<arg>schema_registry_url=http://127.0.0.1:8081</arg>
</arguments>
<assign>
<var>${consumer_group_id}</var>
</assign>
<msg timestamp="20210306 23:04:24.733" level="INFO">${consumer_group_id} = 12d41590-34c9-48e2-b8fc-d33e45ed6e07</msg>
<status status="PASS" starttime="20210306 23:04:24.732" endtime="20210306 23:04:24.733"></status>
</kw>
<kw name="Subscribe Topic" library="ConfluentKafkaLibrary">
<doc>Subscribe to a list of topics, or a topic regex pattern.
   https://docs.confluent.io/current/clients/confluent-kafka-python/#confluent_kafka.Consumer.subscribe</doc>
<arguments>
<arg>group_id=${consumer_group_id}</arg>
<arg>topics=avro_testing2</arg>
</arguments>
<status status="PASS" starttime="20210306 23:04:24.733" endtime="20210306 23:04:24.734"></status>
</kw>
<kw name="Poll" library="ConfluentKafkaLibrary">
<doc>Fetch and return messages from assigned topics / partitions as list.
- ``timeout`` (int): Seconds spent waiting in poll if data is not available in the buffer.</doc>
<arguments>
<arg>group_id=${consumer_group_id}</arg>
</arguments>
<assign>
<var>${messages}</var>
</assign>
<msg timestamp="20210306 23:04:24.868" level="INFO">${messages} = [{'name': 'Robot', 'number': 10}]</msg>
<status status="PASS" starttime="20210306 23:04:24.734" endtime="20210306 23:04:24.868"></status>
</kw>
<kw name="Should Be Equal" library="BuiltIn">
<doc>Fails if the given objects are unequal.</doc>
<arguments>
<arg>${TEST_DATA}</arg>
<arg>${messages}</arg>
</arguments>
<status status="PASS" starttime="20210306 23:04:24.868" endtime="20210306 23:04:24.869"></status>
</kw>
<kw name="Get Messages From Thread" library="ConfluentKafkaLibrary">
<doc>Returns all records gathered from specific thread
- ``running_thread`` (Thread object) - thread which was executed with
    `Start Consumer Threaded` keyword
- ``decode_format`` (str) - If you need to decode data to specific format
    (See https://docs.python.org/3/library/codecs.html#standard-encodings). Default: None.</doc>
<arguments>
<arg>${MAIN_THREAD}</arg>
</arguments>
<assign>
<var>${thread_messages}</var>
</assign>
<msg timestamp="20210306 23:04:24.869" level="INFO">${thread_messages} = [{'name': 'Robot', 'number': 10}]</msg>
<status status="PASS" starttime="20210306 23:04:24.869" endtime="20210306 23:04:24.869"></status>
</kw>
<kw name="Should Be Equal" library="BuiltIn">
<doc>Fails if the given objects are unequal.</doc>
<arguments>
<arg>${TEST_DATA}</arg>
<arg>${thread_messages}</arg>
</arguments>
<status status="PASS" starttime="20210306 23:04:24.870" endtime="20210306 23:04:24.870"></status>
</kw>
<kw name="Basic Teardown" type="teardown">
<arguments>
<arg>${consumer_group_id}</arg>
</arguments>
<kw name="Unsubscribe" library="ConfluentKafkaLibrary">
<doc>Unsubscribe of topics.</doc>
<arguments>
<arg>${group_id}</arg>
</arguments>
<status status="PASS" starttime="20210306 23:04:24.870" endtime="20210306 23:04:24.871"></status>
</kw>
<kw name="Close Consumer" library="ConfluentKafkaLibrary">
<doc>Close down and terminate the Kafka Consumer.</doc>
<arguments>
<arg>${group_id}</arg>
</arguments>
<status status="PASS" starttime="20210306 23:04:24.872" endtime="20210306 23:04:24.876"></status>
</kw>
<status status="PASS" starttime="20210306 23:04:24.870" endtime="20210306 23:04:24.876"></status>
</kw>
<status status="PASS" starttime="20210306 23:04:22.464" endtime="20210306 23:04:24.876" critical="yes"></status>
</test>
<test id="s1-s2-t3" name="Avro Producer Consumer With Serializers">
<kw name="Clear Messages From Thread" library="ConfluentKafkaLibrary" type="setup">
<doc>Remove all records gathered from specific thread
- ``running_thread`` (Thread object) - thread which was executed with
    `Start Consumer Threaded` keyword</doc>
<arguments>
<arg>${MAIN_THREAD}</arg>
</arguments>
<status status="PASS" starttime="20210306 23:04:24.880" endtime="20210306 23:04:24.881"></status>
</kw>
<kw name="Create Dictionary" library="BuiltIn">
<doc>Creates and returns a dictionary based on the given ``items``.</doc>
<arguments>
<arg>url=http://127.0.0.1:8081</arg>
</arguments>
<assign>
<var>${schema_registry_conf}</var>
</assign>
<msg timestamp="20210306 23:04:24.882" level="INFO">${schema_registry_conf} = {'url': 'http://127.0.0.1:8081'}</msg>
<status status="PASS" starttime="20210306 23:04:24.881" endtime="20210306 23:04:24.882"></status>
</kw>
<kw name="Get Schema Registry Client" library="ConfluentKafkaLibrary">
<arguments>
<arg>${schema_registry_conf}</arg>
</arguments>
<assign>
<var>${schema_registry_client}</var>
</assign>
<msg timestamp="20210306 23:04:24.882" level="INFO">${schema_registry_client} = &lt;confluent_kafka.schema_registry.schema_registry_client.SchemaRegistryClient object at 0x7f8bcc2e4128&gt;</msg>
<status status="PASS" starttime="20210306 23:04:24.882" endtime="20210306 23:04:24.882"></status>
</kw>
<kw name="Set Variable" library="BuiltIn">
<doc>Returns the given values which can then be assigned to a variables.</doc>
<arguments>
<arg>{"namespace": "example.avro","type": "record","name": "User","fields": [{"name": "name","type": "string"},{"name": "number","type": ["int","null"]}]}</arg>
</arguments>
<assign>
<var>${schema_str}</var>
</assign>
<msg timestamp="20210306 23:04:24.883" level="INFO">${schema_str} = {"namespace": "example.avro","type": "record","name": "User","fields": [{"name": "name","type": "string"},{"name": "number","type": ["int","null"]}]}</msg>
<status status="PASS" starttime="20210306 23:04:24.882" endtime="20210306 23:04:24.883"></status>
</kw>
<kw name="Get Avro Serializer" library="ConfluentKafkaLibrary">
<arguments>
<arg>${schema_str}</arg>
<arg>${schema_registry_client}</arg>
</arguments>
<assign>
<var>${avro_serializer}</var>
</assign>
<msg timestamp="20210306 23:04:24.883" level="INFO">${avro_serializer} = &lt;confluent_kafka.schema_registry.avro.AvroSerializer object at 0x7f8bd5b39c00&gt;</msg>
<status status="PASS" starttime="20210306 23:04:24.883" endtime="20210306 23:04:24.883"></status>
</kw>
<kw name="Get Avro Deserializer" library="ConfluentKafkaLibrary">
<arguments>
<arg>${schema_str}</arg>
<arg>${schema_registry_client}</arg>
</arguments>
<assign>
<var>${avro_deserializer}</var>
</assign>
<msg timestamp="20210306 23:04:24.884" level="INFO">${avro_deserializer} = &lt;confluent_kafka.schema_registry.avro.AvroDeserializer object at 0x7f8bcc2ec7e0&gt;</msg>
<status status="PASS" starttime="20210306 23:04:24.883" endtime="20210306 23:04:24.884"></status>
</kw>
<kw name="Get String Serializer" library="ConfluentKafkaLibrary">
<assign>
<var>${string_serializer}</var>
</assign>
<msg timestamp="20210306 23:04:24.884" level="INFO">${string_serializer} = &lt;confluent_kafka.serialization.StringSerializer object at 0x7f8bd5ac8e48&gt;</msg>
<status status="PASS" starttime="20210306 23:04:24.884" endtime="20210306 23:04:24.884"></status>
</kw>
<kw name="Get String Deserializer" library="ConfluentKafkaLibrary">
<assign>
<var>${string_deserializer}</var>
</assign>
<msg timestamp="20210306 23:04:24.884" level="INFO">${string_deserializer} = &lt;confluent_kafka.serialization.StringDeserializer object at 0x7f8bd5ac8a58&gt;</msg>
<status status="PASS" starttime="20210306 23:04:24.884" endtime="20210306 23:04:24.884"></status>
</kw>
<kw name="Create Consumer" library="ConfluentKafkaLibrary">
<doc>Create Kafka Consumer and returns its `group_id` as string.</doc>
<arguments>
<arg>auto_offset_reset=latest</arg>
<arg>key_deserializer=${string_deserializer}</arg>
<arg>value_deserializer=${avro_deserializer}</arg>
<arg>legacy=${False}</arg>
</arguments>
<assign>
<var>${consumer_group_id}</var>
</assign>
<msg timestamp="20210306 23:04:24.885" level="INFO">${consumer_group_id} = 9b439333-34db-4acc-ba48-d6ea333490e3</msg>
<status status="PASS" starttime="20210306 23:04:24.885" endtime="20210306 23:04:24.885"></status>
</kw>
<kw name="Subscribe Topic" library="ConfluentKafkaLibrary">
<doc>Subscribe to a list of topics, or a topic regex pattern.
   https://docs.confluent.io/current/clients/confluent-kafka-python/#confluent_kafka.Consumer.subscribe</doc>
<arguments>
<arg>group_id=${consumer_group_id}</arg>
<arg>topics=avro_testing3</arg>
</arguments>
<status status="PASS" starttime="20210306 23:04:24.886" endtime="20210306 23:04:24.886"></status>
</kw>
<kw name="Poll" library="ConfluentKafkaLibrary">
<doc>Fetch and return messages from assigned topics / partitions as list.
- ``timeout`` (int): Seconds spent waiting in poll if data is not available in the buffer.</doc>
<arguments>
<arg>group_id=${consumer_group_id}</arg>
</arguments>
<status status="PASS" starttime="20210306 23:04:24.886" endtime="20210306 23:04:34.888"></status>
</kw>
<kw name="Create Producer" library="ConfluentKafkaLibrary">
<doc>Create Kafka Producer and returns its `group_id` as string.
If `schema_registry_url` is used, Kafka Producer client which does avro schema
encoding to messages is created instead.</doc>
<arguments>
<arg>key_serializer=${string_serializer}</arg>
<arg>value_serializer=${avro_serializer}</arg>
<arg>legacy=${False}</arg>
</arguments>
<assign>
<var>${producer_id}</var>
</assign>
<msg timestamp="20210306 23:04:34.890" level="INFO">${producer_id} = a4b4f548-b7c2-4310-acbe-b2f3fed1f5ae</msg>
<status status="PASS" starttime="20210306 23:04:34.889" endtime="20210306 23:04:34.890"></status>
</kw>
<kw name="Create Dictionary" library="BuiltIn">
<doc>Creates and returns a dictionary based on the given ``items``.</doc>
<arguments>
<arg>name=Robot</arg>
<arg>number=${10}</arg>
</arguments>
<assign>
<var>${value}</var>
</assign>
<msg timestamp="20210306 23:04:34.891" level="INFO">${value} = {'name': 'Robot', 'number': 10}</msg>
<status status="PASS" starttime="20210306 23:04:34.890" endtime="20210306 23:04:34.891"></status>
</kw>
<kw name="Produce" library="ConfluentKafkaLibrary">
<doc>Produce message to topic asynchronously to Kafka by encoding with specified or default avro schema.</doc>
<arguments>
<arg>group_id=${producer_id}</arg>
<arg>topic=avro_testing3</arg>
<arg>partition=${0}</arg>
<arg>value=${value}</arg>
<arg>key=568a68fd-2785-44cc-8997-1295c3755d28</arg>
</arguments>
<status status="PASS" starttime="20210306 23:04:34.891" endtime="20210306 23:04:34.919"></status>
</kw>
<kw name="Wait Until Keyword Succeeds" library="BuiltIn">
<doc>Runs the specified keyword and retries if it fails.</doc>
<arguments>
<arg>10x</arg>
<arg>0.5s</arg>
<arg>All Messages Are Delivered</arg>
<arg>${producer_id}</arg>
</arguments>
<kw name="All Messages Are Delivered">
<arguments>
<arg>${producer_id}</arg>
</arguments>
<kw name="Flush" library="ConfluentKafkaLibrary">
<doc>Wait for all messages in the Producer queue to be delivered. Returns the number of messages still in queue.
This is a convenience method that calls poll() until len() is zero or the optional timeout elapses.
- `timeout` (real) : Optional timeout. Default: `0.1`.</doc>
<arguments>
<arg>${producer_id}</arg>
</arguments>
<assign>
<var>${count}</var>
</assign>
<msg timestamp="20210306 23:04:35.022" level="INFO">${count} = 1</msg>
<status status="PASS" starttime="20210306 23:04:34.920" endtime="20210306 23:04:35.022"></status>
</kw>
<kw name="Log" library="BuiltIn">
<doc>Logs the given message with the given level.</doc>
<arguments>
<arg>Reaming messages to be delivered: ${count}</arg>
</arguments>
<msg timestamp="20210306 23:04:35.023" level="INFO">Reaming messages to be delivered: 1</msg>
<status status="PASS" starttime="20210306 23:04:35.022" endtime="20210306 23:04:35.023"></status>
</kw>
<kw name="Should Be Equal As Integers" library="BuiltIn">
<doc>Fails if objects are unequal after converting them to integers.</doc>
<arguments>
<arg>${count}</arg>
<arg>0</arg>
</arguments>
<msg timestamp="20210306 23:04:35.023" level="INFO">Argument types are:
&lt;class 'int'&gt;
&lt;type 'unicode'&gt;</msg>
<msg timestamp="20210306 23:04:35.023" level="FAIL">1 != 0</msg>
<status status="FAIL" starttime="20210306 23:04:35.023" endtime="20210306 23:04:35.023"></status>
</kw>
<status status="FAIL" starttime="20210306 23:04:34.920" endtime="20210306 23:04:35.023"></status>
</kw>
<kw name="All Messages Are Delivered">
<arguments>
<arg>${producer_id}</arg>
</arguments>
<kw name="Flush" library="ConfluentKafkaLibrary">
<doc>Wait for all messages in the Producer queue to be delivered. Returns the number of messages still in queue.
This is a convenience method that calls poll() until len() is zero or the optional timeout elapses.
- `timeout` (real) : Optional timeout. Default: `0.1`.</doc>
<arguments>
<arg>${producer_id}</arg>
</arguments>
<assign>
<var>${count}</var>
</assign>
<msg timestamp="20210306 23:04:35.626" level="INFO">${count} = 1</msg>
<status status="PASS" starttime="20210306 23:04:35.525" endtime="20210306 23:04:35.626"></status>
</kw>
<kw name="Log" library="BuiltIn">
<doc>Logs the given message with the given level.</doc>
<arguments>
<arg>Reaming messages to be delivered: ${count}</arg>
</arguments>
<msg timestamp="20210306 23:04:35.627" level="INFO">Reaming messages to be delivered: 1</msg>
<status status="PASS" starttime="20210306 23:04:35.626" endtime="20210306 23:04:35.627"></status>
</kw>
<kw name="Should Be Equal As Integers" library="BuiltIn">
<doc>Fails if objects are unequal after converting them to integers.</doc>
<arguments>
<arg>${count}</arg>
<arg>0</arg>
</arguments>
<msg timestamp="20210306 23:04:35.628" level="INFO">Argument types are:
&lt;class 'int'&gt;
&lt;type 'unicode'&gt;</msg>
<msg timestamp="20210306 23:04:35.628" level="FAIL">1 != 0</msg>
<status status="FAIL" starttime="20210306 23:04:35.627" endtime="20210306 23:04:35.628"></status>
</kw>
<status status="FAIL" starttime="20210306 23:04:35.524" endtime="20210306 23:04:35.628"></status>
</kw>
<kw name="All Messages Are Delivered">
<arguments>
<arg>${producer_id}</arg>
</arguments>
<kw name="Flush" library="ConfluentKafkaLibrary">
<doc>Wait for all messages in the Producer queue to be delivered. Returns the number of messages still in queue.
This is a convenience method that calls poll() until len() is zero or the optional timeout elapses.
- `timeout` (real) : Optional timeout. Default: `0.1`.</doc>
<arguments>
<arg>${producer_id}</arg>
</arguments>
<assign>
<var>${count}</var>
</assign>
<msg timestamp="20210306 23:04:36.130" level="INFO">${count} = 0</msg>
<status status="PASS" starttime="20210306 23:04:36.129" endtime="20210306 23:04:36.130"></status>
</kw>
<kw name="Log" library="BuiltIn">
<doc>Logs the given message with the given level.</doc>
<arguments>
<arg>Reaming messages to be delivered: ${count}</arg>
</arguments>
<msg timestamp="20210306 23:04:36.130" level="INFO">Reaming messages to be delivered: 0</msg>
<status status="PASS" starttime="20210306 23:04:36.130" endtime="20210306 23:04:36.130"></status>
</kw>
<kw name="Should Be Equal As Integers" library="BuiltIn">
<doc>Fails if objects are unequal after converting them to integers.</doc>
<arguments>
<arg>${count}</arg>
<arg>0</arg>
</arguments>
<msg timestamp="20210306 23:04:36.130" level="INFO">Argument types are:
&lt;class 'int'&gt;
&lt;type 'unicode'&gt;</msg>
<status status="PASS" starttime="20210306 23:04:36.130" endtime="20210306 23:04:36.130"></status>
</kw>
<status status="PASS" starttime="20210306 23:04:36.128" endtime="20210306 23:04:36.131"></status>
</kw>
<status status="PASS" starttime="20210306 23:04:34.919" endtime="20210306 23:04:36.131"></status>
</kw>
<kw name="Poll" library="ConfluentKafkaLibrary">
<doc>Fetch and return messages from assigned topics / partitions as list.
- ``timeout`` (int): Seconds spent waiting in poll if data is not available in the buffer.</doc>
<arguments>
<arg>group_id=${consumer_group_id}</arg>
</arguments>
<assign>
<var>${messages}</var>
</assign>
<msg timestamp="20210306 23:04:36.131" level="INFO">${messages} = [{'name': 'Robot', 'number': 10}]</msg>
<status status="PASS" starttime="20210306 23:04:36.131" endtime="20210306 23:04:36.131"></status>
</kw>
<kw name="Should Be Equal" library="BuiltIn">
<doc>Fails if the given objects are unequal.</doc>
<arguments>
<arg>${messages}</arg>
<arg>${TEST_DATA}</arg>
</arguments>
<status status="PASS" starttime="20210306 23:04:36.131" endtime="20210306 23:04:36.132"></status>
</kw>
<kw name="Basic Teardown" type="teardown">
<arguments>
<arg>${consumer_group_id}</arg>
</arguments>
<kw name="Unsubscribe" library="ConfluentKafkaLibrary">
<doc>Unsubscribe of topics.</doc>
<arguments>
<arg>${group_id}</arg>
</arguments>
<status status="PASS" starttime="20210306 23:04:36.132" endtime="20210306 23:04:36.133"></status>
</kw>
<kw name="Close Consumer" library="ConfluentKafkaLibrary">
<doc>Close down and terminate the Kafka Consumer.</doc>
<arguments>
<arg>${group_id}</arg>
</arguments>
<status status="PASS" starttime="20210306 23:04:36.133" endtime="20210306 23:04:36.141"></status>
</kw>
<status status="PASS" starttime="20210306 23:04:36.132" endtime="20210306 23:04:36.142"></status>
</kw>
<status status="PASS" starttime="20210306 23:04:24.878" endtime="20210306 23:04:36.142" critical="yes"></status>
</test>
<status status="PASS" starttime="20210306 23:04:10.122" endtime="20210306 23:04:36.143"></status>
</suite>
<status status="PASS" starttime="20210306 23:03:28.869" endtime="20210306 23:04:36.147"></status>
</suite>
<statistics>
<total>
<stat pass="12" fail="0">Critical Tests</stat>
<stat pass="12" fail="0">All Tests</stat>
</total>
<tag>
</tag>
<suite>
<stat pass="12" fail="0" id="s1" name="Examples">Examples</stat>
<stat pass="9" fail="0" id="s1-s1" name="Test">Examples.Test</stat>
<stat pass="3" fail="0" id="s1-s2" name="Test Avro">Examples.Test Avro</stat>
</suite>
</statistics>
<errors>
</errors>
</robot>
